<?xml version="1.0" encoding="utf-8"?>
<testsuites disabled="0" errors="1" failures="1" tests="1" time="7820.159154104944">
	<testsuite disabled="0" errors="1" failures="1" name="schemathesis" skipped="0" tests="1" time="7820.159154104944" hostname="plague">
		<testcase name="Stateful tests" time="7820.159154">
			<failure type="failure" message="1. Test Case ID: 9DswQo&#10;&#10;- API rejected schema-compliant request&#10;&#10;    Valid data should have been accepted&#10;    Expected: 2xx, 401, 403, 404, 409, 5xx&#10;&#10;- Undocumented HTTP status code&#10;&#10;    Received: 400&#10;    Documented: 201&#10;&#10;[400] Bad Request:&#10;&#10;    `{&quot;instance_ids&quot;:[&quot;This field is required.&quot;]}`&#10;&#10;Reproduce with:&#10;&#10;    curl -X POST -H 'Authorization: Bearer eyJhbGciOiJIUzI1NiIsInR5cCI6IkpXVCJ9.eyJ0b2tlbl90eXBlIjoiYWNjZXNzIiwiZXhwIjoxNzc3NzI0MzEwLCJpYXQiOjE3Nzc3MjQwMTAsImp0aSI6IjdjYjRiY2M4ZTU0MTQ0NTk5MWNkZTRjMjJhNWI5MTAwIiwidXNlcl9pZCI6MX0.k_8_IA_fj0CJ2aF0Mb2XRwQM3AxIDkyb6mvnde27kdI' -H 'Content-Type: application/json' -d '{&quot;case&quot;: -980245535, &quot;plan&quot;: -12127}' http://127.0.0.1/api/v2/tests/archive/restore/"/>
			<failure type="failure" message="1. Test Case ID: ReJjUn&#10;&#10;- API rejected schema-compliant request&#10;&#10;    Valid data should have been accepted&#10;    Expected: 2xx, 401, 403, 404, 409, 5xx&#10;&#10;- Undocumented HTTP status code&#10;&#10;    Received: 400&#10;    Documented: 201&#10;&#10;[400] Bad Request:&#10;&#10;    `{&quot;instance_ids&quot;:[&quot;This field is required.&quot;]}`&#10;&#10;Reproduce with:&#10;&#10;    curl -X POST -H 'Authorization: Bearer eyJhbGciOiJIUzI1NiIsInR5cCI6IkpXVCJ9.eyJ0b2tlbl90eXBlIjoiYWNjZXNzIiwiZXhwIjoxNzc3NzI0MzEzLCJpYXQiOjE3Nzc3MjQwMTMsImp0aSI6IjZkNGM4MTUzODc5NTQ5MzE4YTM2MWY3NzBiMDdlOWRlIiwidXNlcl9pZCI6MX0.wsOIfBO_EMVOSAJsawKo9UuIJtthaTM7_MJIITt0CBU' -H 'Content-Type: application/json' -d '{&quot;name&quot;: &quot;h&quot;}' http://127.0.0.1/api/v2/projects/deleted/recover/"/>
			<failure type="failure" message="1. Test Case ID: P5Cp3v&#10;&#10;- Undocumented HTTP status code&#10;&#10;    Received: 404&#10;    Documented: 200&#10;&#10;[404] Not Found:&#10;&#10;    `{&quot;detail&quot;:&quot;Invalid page.&quot;}`&#10;&#10;Reproduce with:&#10;&#10;    curl -X GET -H 'Authorization: Bearer eyJhbGciOiJIUzI1NiIsInR5cCI6IkpXVCJ9.eyJ0b2tlbl90eXBlIjoiYWNjZXNzIiwiZXhwIjoxNzc3NzI0MzE1LCJpYXQiOjE3Nzc3MjQwMTUsImp0aSI6ImRkYWRiNTFlM2Q1OTRlZTU5YTM5YTE2ZGMzZTU5MjQyIiwidXNlcl9pZCI6MX0.09QGLjqD-vlq59nCAw4AYTF44jX-XCajB7zOQ3oR7Fk' 'http://127.0.0.1/api/v2/projects/deleted/?page_size=40&amp;page=51'"/>
			<failure type="failure" message="1. Test Case ID: tQZDUx&#10;&#10;- API rejected schema-compliant request&#10;&#10;    Valid data should have been accepted&#10;    Expected: 2xx, 401, 403, 404, 409, 5xx&#10;&#10;- Undocumented HTTP status code&#10;&#10;    Received: 400&#10;    Documented: 201&#10;&#10;[400] Bad Request:&#10;&#10;    `{&quot;instance_ids&quot;:[&quot;This field is required.&quot;]}`&#10;&#10;Reproduce with:&#10;&#10;    curl -X POST -H 'Authorization: Bearer eyJhbGciOiJIUzI1NiIsInR5cCI6IkpXVCJ9.eyJ0b2tlbl90eXBlIjoiYWNjZXNzIiwiZXhwIjoxNzc3NzI0MzE5LCJpYXQiOjE3Nzc3MjQwMTksImp0aSI6IjFiYzBjOGFjNzk0YTRhZmY4M2I1OTgzYTM1YjdjNzNlIiwidXNlcl9pZCI6MX0.qKTqorq4ML9U9QaV2sGqL3KhJhHKHDwQ8lKvhTN5WZg' -H 'Content-Type: application/json' -d '{&quot;due_date&quot;: &quot;7380-09-07T05:55:06.658441Z&quot;, &quot;name&quot;: &quot;\u007f&quot;, &quot;project&quot;: -27035, &quot;started_at&quot;: &quot;5583-02-24T14:10:55.821956Z&quot;}' http://127.0.0.1/api/v2/testplans/archive/restore/"/>
			<failure type="failure" message="1. Test Case ID: HmVZWE&#10;&#10;- Undocumented HTTP status code&#10;&#10;    Received: 404&#10;    Documented: 200&#10;&#10;[404] Not Found:&#10;&#10;    `{&quot;detail&quot;:&quot;No TestCase matches the given query.&quot;}`&#10;&#10;Reproduce with:&#10;&#10;    curl -X POST -H 'Authorization: Bearer eyJhbGciOiJIUzI1NiIsInR5cCI6IkpXVCJ9.eyJ0b2tlbl90eXBlIjoiYWNjZXNzIiwiZXhwIjoxNzc3NzI0MzI0LCJpYXQiOjE3Nzc3MjQwMjQsImp0aSI6ImVlNWM5M2M2NzJmNDRjYzU4NDA3OTllNDU5NWY3ODgxIiwidXNlcl9pZCI6MX0.9ybTzcBBtdoIEt9s4f96MU7L7HLyz-dm0fA07hqelrA' -H 'Content-Type: application/json' -d '{&quot;version&quot;: -38, &quot;\u00d0\u00d3&quot;: [4.097220660373492e+60], &quot;\u0099&quot;: {&quot;&quot;: 3.501127375946319e+85, &quot;\uda3e\udf00\u0006\u00b9IM/\u00bd\ud8b1\udddc&quot;: -1.927633751168722e-227, &quot;7&quot;: null}, &quot;&quot;: [true, {&quot;&quot;: [], &quot;\u0083\u00eb\u0090R-&quot;: {}, &quot;7\u0080\u00e3\u00bc\u00bd;\udb5f\udfa0V\udb98\udfa6\uda27\uddb2&quot;: [&quot;\u00ad&quot;, 1.0254359231006025e-256, true]}], &quot;\u60a2g*\u00ba&quot;: [[false], -11003, {}], &quot;\u00bf'&quot;'&quot;'3\u00a72&quot;: [], &quot;\u0096\u00e0i\u00ffb\udb18\ude6f\u009emqL{+\u00fc\u0094X\udb25\udc55\udaf2\ude81d&quot;: [[]], &quot;\u009d*\u00d6\u001bv\u0081\u00a9\u0096]\ud962\udd70a\u0084\u0016\u001c\ud987\udee9i&quot;: [{&quot;\u00ea\u00fe\udb60\udced\u00ba&quot;: 102}, {&quot;\u00eb0&quot;: null, &quot;\u0081\u0091F\u00f5\udaf2\udcce\u00e7D\udb11\udd59]\udac6\udf9c\u007f\u0007&quot;: 29912, &quot;\ud864\udfa87\u0083\u008f\u00ec\uda12\udfea\u0083\u00d2\udbae\ude05\u00b9\u00c3/+\u0099&quot;: null}, -7.779521969387787e-205], &quot;\u00bc\ud9c8\udc5f\udba4\udcde\u00ba\u00b2\u00de\u00f6\u0017&quot;: [{&quot;&quot;: [{}]}, false, {}], &quot;g\rw&quot;: {&quot;O\u00d5&quot;: [{&quot;\u00d5\u0088=[\u00be\u00d6j&quot;: [], &quot;\u00f7&quot;: {}, &quot;\u000e&quot;: []}, []], &quot;)\u00a3m&quot;: {&quot;\u00a2\ud9b1\udcbe\ud8f8\udcd532\ud9a7\udd57\udb0c\udd9fK\udbd5\udce4\u000f\u00b1&quot;: []}, &quot;Q\u00c3\u0002\u00dc\u0005&quot;: [&quot;\u00fa1\ud9f4\udddcQ\udaf0\udf18&quot;, -4652, 2.225073858507e-311]}, &quot;\ud95b\udf1ds\uda5a\udef1\u00de\u00c4&quot;: [], &quot;__main__&quot;: {}, &quot;1/0&quot;: [], &quot;j[\ud958\ude56\u00a2\u0006\ud86e\uddd36&quot;: {&quot;&quot;: {&quot;o\ud944\udfcc&quot;: [-4856787630065577.0, 2.9333082831974127e-148, 9817], &quot;2\u00bf\u00fc&quot;: [], &quot;w&quot;: null}, &quot;\u00bf\u00e5\u0097\u0003\u00db\u00f4&quot;: [-3.5613755544729616e+16, &quot;&quot;, null], &quot;R8j\u00fd\u009f&quot;: [null, -2535, 28580]}, &quot;\u00f2&quot;: [{&quot;\u0012\u0099n\u00b5 \u00d0\ud82c\ude84\u5998z\u00b6\\Yx\ud861\ude5c\udb5e\udfea&quot;: true, &quot;\u00fd\u0016\u0005B\ud81d\uddda\u00f5\u00daK\u009f&quot;: 4.220097330104887e+16}, []], &quot;\u00e9\u0084&quot;: 21432, &quot;m\u00ccV&quot;: [{&quot;\u00f0x\u0015\u00f4\u00b9\u0005\uda23\udfae\u00e2\ud85c\udcf4\u00be\u00b8\u0089\ud852\udf33\udbb9\ude84&quot;: false, &quot;\uda70\udfb3\udb1f\udd59\u0083&quot;: &quot;\u0081&quot;, &quot;O\udb82\udd89&quot;: true}, null]}' http://127.0.0.1/api/v2/cases/59/version/restore/"/>
			<failure type="failure" message="1. Test Case ID: gzFAGa&#10;&#10;- API rejected schema-compliant request&#10;&#10;    Valid data should have been accepted&#10;    Expected: 2xx, 401, 403, 404, 409, 5xx&#10;&#10;- Undocumented HTTP status code&#10;&#10;    Received: 400&#10;    Documented: 201&#10;&#10;[400] Bad Request:&#10;&#10;    `{&quot;instance_ids&quot;:[&quot;This field is required.&quot;]}`&#10;&#10;Reproduce with:&#10;&#10;    curl -X POST -H 'Authorization: Bearer eyJhbGciOiJIUzI1NiIsInR5cCI6IkpXVCJ9.eyJ0b2tlbl90eXBlIjoiYWNjZXNzIiwiZXhwIjoxNzc3NzI0MzI5LCJpYXQiOjE3Nzc3MjQwMjksImp0aSI6ImQ0MTI5MTYxOWNlZTQ3MWM5ZTQzNjkyNDczZmFmZDM0IiwidXNlcl9pZCI6MX0.idhGMHiIhF4kAeKEVsOGlQA-V9MKlAMVHGRtXk0C_js' -H 'Content-Type: application/json' -d '{&quot;name&quot;: &quot;5\n&quot;, &quot;project&quot;: -28978}' http://127.0.0.1/api/v2/suites/deleted/remove/"/>
			<failure type="failure" message="1. Test Case ID: srKFkW&#10;&#10;- Undocumented HTTP status code&#10;&#10;    Received: 404&#10;    Documented: 200&#10;&#10;[404] Not Found:&#10;&#10;    `{&quot;detail&quot;:&quot;Invalid page.&quot;}`&#10;&#10;Reproduce with:&#10;&#10;    curl -X GET -H 'Authorization: Bearer eyJhbGciOiJIUzI1NiIsInR5cCI6IkpXVCJ9.eyJ0b2tlbl90eXBlIjoiYWNjZXNzIiwiZXhwIjoxNzc3NzI0MzM1LCJpYXQiOjE3Nzc3MjQwMzUsImp0aSI6ImE3MDE0ZmUxMzU4YTRiNWViZTg4NzU3N2JjN2U1MWRkIiwidXNlcl9pZCI6MX0.WQIEtcCRerufm33OegqHslamFscCVhXlWKawRGzfsdg' 'http://127.0.0.1/api/v2/roles/?page_size=28525&amp;page=114'"/>
			<failure type="failure" message="1. Test Case ID: N3NBrN&#10;&#10;- Server error&#10;&#10;- Undocumented Content-Type&#10;&#10;    Received: text/html; charset=utf-8&#10;    Documented: application/json&#10;&#10;- Undocumented HTTP status code&#10;&#10;    Received: 500&#10;    Documented: 200&#10;&#10;[500] Internal Server Error:&#10;&#10;    `&lt;!DOCTYPE html&gt;&#10;    &lt;html lang=&quot;en&quot;&gt;&#10;    &lt;head&gt;&#10;      &lt;meta http-equiv=&quot;content-type&quot; content=&quot;text/html; charset=utf-8&quot;&gt;&#10;      &lt;meta name=&quot;robots&quot; content=&quot;NONE,NOARCHIVE&quot;&gt;&#10;      &lt;title&gt;DoesNotExist&#10;              at /api/v2/comments/&lt;/title&gt;&#10;      &lt;style type=&quot;text/css&quot;&gt;&#10;        html * { padding:0; margin:0; }&#10;        body * { padding:10px 20px; }&#10;        body * * { padding:0; }&#10;        body { font:small sans-serif; background-color:#fff; color:#000; }&#10;        body&gt;div { border-bottom:1px solid #ddd; }&#10;        h1 { font-weight:normal; }&#10;        h2 { margin-bott // Output truncated...`&#10;&#10;Reproduce with:&#10;&#10;    curl -X GET -H 'Authorization: Bearer eyJhbGciOiJIUzI1NiIsInR5cCI6IkpXVCJ9.eyJ0b2tlbl90eXBlIjoiYWNjZXNzIiwiZXhwIjoxNzc3NzI0MzQ1LCJpYXQiOjE3Nzc3MjQwNDUsImp0aSI6IjU0NmZkMDY2NzE4MTQyYTdiMTcwYTNlNDY5MDM1YjBlIiwidXNlcl9pZCI6MX0.aQxJiCfEOGhWoEf2L5RAHuq2IhksEXb9vdrn59jJmVg' 'http://127.0.0.1/api/v2/comments/?comment_id=-29114&amp;ordering=%C3%80%C2%B9%22%F1%87%97%8A%13%C3%96%C2%95v%28%5B%C3%90%C2%93%C2%97%C3%B5'"/>
			<failure type="failure" message="1. Test Case ID: 3Y9MlF&#10;&#10;- Undocumented HTTP status code&#10;&#10;    Received: 404&#10;    Documented: 200&#10;&#10;[404] Not Found:&#10;&#10;    `{&quot;detail&quot;:&quot;No Project matches the given query.&quot;}`&#10;&#10;Reproduce with:&#10;&#10;    curl -X GET -H 'Authorization: Bearer eyJhbGciOiJIUzI1NiIsInR5cCI6IkpXVCJ9.eyJ0b2tlbl90eXBlIjoiYWNjZXNzIiwiZXhwIjoxNzc3NzI0MzU1LCJpYXQiOjE3Nzc3MjQwNTUsImp0aSI6ImU2NGI0YjdiNzE3NDQzODA4NTIwZTFiMGQ3NmI2ZmRkIiwidXNlcl9pZCI6MX0.uJTG2fxDAvLVIinv3053ddlHdedqCQHxkuZCcvaDWp0' http://127.0.0.1/api/v2/statuses/"/>
			<failure type="failure" message="1. Test Case ID: YKfqjQ&#10;&#10;- API rejected schema-compliant request&#10;&#10;    Valid data should have been accepted&#10;    Expected: 2xx, 401, 403, 404, 409, 5xx&#10;&#10;- Undocumented HTTP status code&#10;&#10;    Received: 400&#10;    Documented: 201&#10;&#10;[400] Bad Request:&#10;&#10;    `{&quot;instance_ids&quot;:[&quot;This field is required.&quot;]}`&#10;&#10;Reproduce with:&#10;&#10;    curl -X POST -H 'Authorization: Bearer eyJhbGciOiJIUzI1NiIsInR5cCI6IkpXVCJ9.eyJ0b2tlbl90eXBlIjoiYWNjZXNzIiwiZXhwIjoxNzc3NzI0MzYxLCJpYXQiOjE3Nzc3MjQwNjEsImp0aSI6ImMxZGRmM2RmMTAxNTRjYzY4NDY5MDgyZTBhZWQ5ZmZlIiwidXNlcl9pZCI6MX0.EBS4mcrAKXRT_w84lfTMpLtPLScTSUcexzuSw2rwtzI' -H 'Content-Type: application/json' -d '{&quot;status&quot;: 2019550600, &quot;test&quot;: -1751075119820569694}' http://127.0.0.1/api/v2/results/archive/restore/"/>
			<failure type="failure" message="1. Test Case ID: FuYaHX&#10;&#10;- API rejected schema-compliant request&#10;&#10;    Valid data should have been accepted&#10;    Expected: 2xx, 401, 403, 404, 409, 5xx&#10;&#10;- Undocumented HTTP status code&#10;&#10;    Received: 400&#10;    Documented: 200&#10;&#10;[400] Bad Request:&#10;&#10;    `{&quot;ordering&quot;:[&quot;Select a valid choice. \u000eQËm𐫺\u000b is not one of the available choices.&quot;],&quot;test_suite_created_after&quot;:[&quot;Enter a valid date/time.&quot;],&quot;test_suite_created_before&quot;:[&quot;Enter a valid date/time.&quot;]}`&#10;&#10;Reproduce with:&#10;&#10;    curl -X GET -H 'Authorization: Bearer eyJhbGciOiJIUzI1NiIsInR5cCI6IkpXVCJ9.eyJ0b2tlbl90eXBlIjoiYWNjZXNzIiwiZXhwIjoxNzc3NzI0MzY2LCJpYXQiOjE3Nzc3MjQwNjYsImp0aSI6IjkyNzFhZWQ1NDdkNzRkYTY4ZDY5N2UxOWUzMmFjZGY5IiwidXNlcl9pZCI6MX0.hRQEh6pn2OWkfpFXCeq9AprIX6VJpc1EewUOw1u8nDE' 'http://127.0.0.1/api/v2/suites/?project=2.908305113866959e%2B16&amp;test_suite_created_after=%F1%A7%A1%824%26.&amp;search=&amp;test_suite_created_before=j%C2%A7%F3%8A%9C%96&amp;page=13414&amp;page_size=-1732839449&amp;treesearch=%0E%C2%BEL%C2%94%C2%8A%C3%A1%C2%95%C3%BF%C2%81%11%2B%C2%BC%2A&amp;path=%C3%AF%C2%BB%27%2B%2C%60%10%10%08%C3%B4T%F2%B0%A4%A1%C2%B4%C3%8C%C3%B5%29&amp;ordering=%0EQ%C3%8B%C2%94m%F0%90%AB%BA%0B&amp;parent=%C3%96%C3%9C%C3%BFlt&amp;is_flat=true&amp;path_exact=%C2%A5%0FX2%C3%9F%F1%8B%A0%8Ak'"/>
			<failure type="failure" message="1. Test Case ID: 2f7uya&#10;&#10;- API rejected schema-compliant request&#10;&#10;    Valid data should have been accepted&#10;    Expected: 2xx, 401, 403, 404, 409, 5xx&#10;    Hint: The request body contains 3 additional properties not defined in the schema (`­aÇÿª𓕥cÍ`úr 𠮡    񩀏:°p¦`, `ÿä¤Ö.mí󛯖¡·`, `򥝛þD`). The server likely rejects unexpected fields. Add `additionalProperties: false` to your schema to prevent this.&#10;&#10;- Undocumented HTTP status code&#10;&#10;    Received: 400&#10;    Documented: 201&#10;&#10;[400] Bad Request:&#10;&#10;    `{&quot;instance_ids&quot;:[&quot;This field is required.&quot;]}`&#10;&#10;Reproduce with:&#10;&#10;    curl -X POST -H 'Authorization: Bearer eyJhbGciOiJIUzI1NiIsInR5cCI6IkpXVCJ9.eyJ0b2tlbl90eXBlIjoiYWNjZXNzIiwiZXhwIjoxNzc3NzI0MzcyLCJpYXQiOjE3Nzc3MjQwNzIsImp0aSI6IjNkZDMzY2M3NWFjNDQzY2M5NGZlZDhhOWEyNWY2MjUwIiwidXNlcl9pZCI6MX0.r_hKUWdnfdWf0Fm3JPKfqhRVYkmcwpzsoq2cg2boPHc' -H 'Content-Type: application/json' -d '{&quot;name&quot;: &quot;\udada\udd56E\ud937\udfa2\u00ae-L\u000ea\u0090!]\u00a1\u00eds\u00df\u0083\u0018\u009eF9\u00a3d\ud949\udf06&quot;, &quot;project&quot;: -110, &quot;\uda55\udf5b\u00feD&quot;: [{}, [], []], &quot;\u00ada\u00c7\u00ff\u00aa\ud80d\udd65c\u00cd`\u00far \ud842\udfa1\u0085\ud964\udc0f:\u00b0\u0083p\u00a6&quot;: 1295036244, &quot;\u00ff\u00e4\u00a4\u00d6.m\u00ed\udb2e\udfd6\u00a1\u00b7&quot;: {}, &quot;color&quot;: &quot;2&quot;}' http://127.0.0.1/api/v2/labels/deleted/remove/"/>
			<failure type="failure" message="1. Test Case ID: naxBPv&#10;&#10;- API rejected schema-compliant request&#10;&#10;    Valid data should have been accepted&#10;    Expected: 2xx, 401, 403, 404, 409, 5xx&#10;&#10;- Undocumented HTTP status code&#10;&#10;    Received: 400&#10;    Documented: 201&#10;&#10;[400] Bad Request:&#10;&#10;    `{&quot;project&quot;:[&quot;Invalid pk \&quot;19336\&quot; - object does not exist.&quot;],&quot;suite&quot;:[&quot;Invalid pk \&quot;53\&quot; - object does not exist.&quot;],&quot;scenario&quot;:[&quot;This field is required.&quot;]}`&#10;&#10;Reproduce with:&#10;&#10;    curl -X POST -H 'Authorization: Bearer eyJhbGciOiJIUzI1NiIsInR5cCI6IkpXVCJ9.eyJ0b2tlbl90eXBlIjoiYWNjZXNzIiwiZXhwIjoxNzc3NzI0MzkwLCJpYXQiOjE3Nzc3MjQwOTAsImp0aSI6IjViM2IzOGQ5NzRjNTQwZjZhZDc1MGI3NTMxNmFhOGFiIiwidXNlcl9pZCI6MX0.M-sMczAtcTO-p6nH2CoXESf_1IW3h93kzSmPrX8raBw' -H 'Content-Type: application/json' -d '{&quot;name&quot;: &quot;\udb91\udc1f\u007f\u00d1\u001e\u008f\u00a1\ud89d\uddf8\ud9b1\ude74\u00ce\udbe6\uddde\u00f4\u0080\ue56d\u00fe\u00da\ud806\udf1b\u0088P&quot;, &quot;project&quot;: 19336, &quot;steps&quot;: [{&quot;name&quot;: &quot;H\u008cM\u00b7\u00ceM\udb46\udfb8\u00f4\ud877\ude89\u0001\u00d0\uda87\udfda\ud9a5\udfc1W\u009f\u8639&quot;, &quot;scenario&quot;: &quot;\u00d6~\u00e8\u00c2\u0090^\u00fd*\u00fawc4&quot;, &quot;id&quot;: 24012}, {&quot;name&quot;: &quot;\u000e\u0081\u00deF&quot;, &quot;scenario&quot;: &quot;\u0094\ud8e5\udd22\ud819\udeb8\udb31\udc85OA\u00d6&quot;}, {&quot;name&quot;: &quot;\uda04\udc52\u0006;\u001fY&quot;, &quot;scenario&quot;: &quot;\udb28\udffa\u00fa\u0012^d\u009f\u0094&quot;, &quot;\u0092\udb69\udf7e&quot;: [1.7976931348623157e+308, [null, null, false], {}], &quot;sort_order&quot;: 479001600, &quot;v\u00b6&quot;: [], &quot;id&quot;: 5531, &quot;expected&quot;: &quot;\udbb1\udf74\u0080\u009f\udbe1\udd58\u00e5\ud9fa\udf16&quot;}, {&quot;name&quot;: &quot;\u00be\uda6d\udcf3\udad1\udc0f\u0004 (\u008b&quot;, &quot;scenario&quot;: &quot;~\u0003\u00b7*\u009f\udbd8\udf42&quot;, &quot;\ud919\udf78\u00c9&gt;\u001c\u0083\f&quot;: null, &quot;expected&quot;: &quot;\u009fr\u00c58&quot;, &quot;id&quot;: -1883, &quot;sort_order&quot;: 561156309, &quot;W&quot;: {&quot;N\u0087&quot;: {&quot;JcT\u00e8;&quot;: false, &quot;\u00c6\u0007\u0012&quot;: true}, &quot;\u00c1\u00e9\u00a8\u0083\u00f5D&quot;: 5.189671653229517e+192, &quot;\uda77\udfde/\u00f7\u008d&quot;: [null]}, &quot;\u00fbs\u00ce\udb62\udf7e9Z\uda6f\udfb9&quot;: [], &quot;\u0019\u0011QW\u00cd\u00eb\fh\u000b\ud8fa\udc62 \u00f5&quot;: [[null, 1882640189, 2.2250738585e-313]]}, {&quot;name&quot;: &quot;\ud93c\udc50U&quot;, &quot;scenario&quot;: &quot;\u0c03\u00fb\u00dd\u0005\u009b0\ud924\uddd4|W&lt;&quot;, &quot;sort_order&quot;: 1616}, {&quot;name&quot;: &quot;\u0015\u00d8:x\u0089\ud8d8\uddf8&quot;, &quot;scenario&quot;: &quot;\u009f&quot;}, {&quot;name&quot;: &quot;tf\u00b8H\u0081&quot;, &quot;scenario&quot;: &quot;\u00dc`\u009c\u00dfh\u00f7\u00f1\u009c=\u00b3\u00d2H\u00f1@5\udb1f\ude91\u0089&quot;, &quot;7\u00e4\u008e2U\u00bfZ\udbeb\ude45\u00c4\u008eR&quot;: {&quot;v\u009e\udafe\uded6\u00c5\u008f\u00f1?\u009ea&quot;: &quot;&quot;}, &quot;\u00f2\u00fcn\ud844\udd0cn&gt;\ud8ce\ude84\u00d2\ud86c\ude5a&quot;: {}, &quot;&quot;: &quot;&quot;, &quot;id&quot;: 19576, &quot;expected&quot;: &quot;\u00ba&quot;, &quot;access&quot;: {}, &quot;\udbb7\ude4fh\u0091\u008ev\uda10\udc6c\u0012\u00811\u00adj&quot;: {&quot;&quot;: {}}, &quot;sort_order&quot;: 11777, &quot;t&quot;: [[]], &quot;\u0005h\u0087\u0090\u00c0&quot;: [-1.1748308454008684e+42, null, {}], &quot;attachments&quot;: []}, {&quot;name&quot;: &quot;\u00f5\u00cb\ud8df\udcb3I6&quot;, &quot;scenario&quot;: &quot;access&quot;}, {&quot;name&quot;: &quot;(\uc884h\u00f2\u0094\u001e}\u00aa\u00dc\ud8cf\udc25&quot;, &quot;scenario&quot;: &quot;\u00e5&quot;, &quot;sort_order&quot;: 47154, &quot;&quot;: [], &quot;expected&quot;: &quot;9\u00cf\ud8a4\udce2&quot;}], &quot;suite&quot;: 53, &quot;estimate&quot;: null}' http://127.0.0.1/api/v2/cases/"/>
			<failure type="failure" message="1. Test Case ID: xg5UVJ&#10;&#10;- API rejected schema-compliant request&#10;&#10;    Valid data should have been accepted&#10;    Expected: 2xx, 401, 403, 404, 409, 5xx&#10;&#10;- Undocumented HTTP status code&#10;&#10;    Received: 400&#10;    Documented: 201&#10;&#10;[400] Bad Request:&#10;&#10;    `{&quot;instance_ids&quot;:[&quot;This field is required.&quot;]}`&#10;&#10;Reproduce with:&#10;&#10;    curl -X POST -H 'Authorization: Bearer eyJhbGciOiJIUzI1NiIsInR5cCI6IkpXVCJ9.eyJ0b2tlbl90eXBlIjoiYWNjZXNzIiwiZXhwIjoxNzc3NzI0NDA1LCJpYXQiOjE3Nzc3MjQxMDUsImp0aSI6IjhiNGE4OWVjZWJlYTQ0NDM5NTljNTMwOGZjOTI0YjY3IiwidXNlcl9pZCI6MX0.SZRadVqqe6Vb3U--Oghv1k-IHo3tls7kze4sUnJgS_E' -H 'Content-Type: application/json' -d '{&quot;name&quot;: &quot;e\u0099&quot;, &quot;\udbbd\udce5\u009f\u00d7\ud8c5\udd01A\ud81c\udc48&quot;: [-122, [null, [], [null, -86, 1780431184]], []], &quot;is_private&quot;: true, &quot;\uda08\udf6b\uda18\ude3f&quot;: {}, &quot;is_archive&quot;: true, &quot;\ud995\udfa4]\u00e6&quot;: {&quot;\uda76\udf86jF}z\uda56\ude26&quot;: {&quot;__main__&quot;: null, &quot;\u00d6&quot;: {&quot;\u0084\u00ff\u81c5=\u00b9\u00f4\u00d4e&quot;: 302189510790816.0, &quot;[R\u00ec&quot;: &quot;\t\u0088&quot;, &quot;\u008f&quot;: &quot;\uda76\udf8a#\u0082\u0011&quot;}}, &quot;k&quot;: null}}' http://127.0.0.1/api/v2/projects/deleted/remove/"/>
			<failure type="failure" message="1. Test Case ID: ND1jY2&#10;&#10;- Response violates schema&#10;&#10;    [] is not of type &quot;object&quot;&#10;&#10;    Schema:&#10;&#10;        {&#10;            &quot;type&quot;: &quot;object&quot;,&#10;            &quot;required&quot;: [&#10;                &quot;count&quot;,&#10;                &quot;results&quot;&#10;            ],&#10;            &quot;properties&quot;: {&#10;                &quot;count&quot;: {&#10;                    &quot;type&quot;: &quot;integer&quot;&#10;                },&#10;                &quot;next&quot;: {&#10;                    &quot;anyOf&quot;: [&#10;                        {&#10;                            &quot;type&quot;: &quot;string&quot;,&#10;                            &quot;format&quot;: &quot;uri&quot;&#10;                        },&#10;                        {&#10;                            &quot;type&quot;: &quot;null&quot;&#10;                        }&#10;            // Output truncated...&#10;        }&#10;&#10;    Value:&#10;&#10;        []&#10;&#10;[200] OK:&#10;&#10;    `[]`&#10;&#10;Reproduce with:&#10;&#10;    curl -X GET -H 'Authorization: Bearer eyJhbGciOiJIUzI1NiIsInR5cCI6IkpXVCJ9.eyJ0b2tlbl90eXBlIjoiYWNjZXNzIiwiZXhwIjoxNzc3NzI0NDEzLCJpYXQiOjE3Nzc3MjQxMTMsImp0aSI6ImJiZTk1YWU4NmI5MjRhYjQ4Y2NkNTM5Y2FmMjk1ZGYyIiwidXNlcl9pZCI6MX0.CEL8DrMUZddmCtUgGWDvE7mich6gIuP1A_GcCQdBYHg' 'http://127.0.0.1/api/v2/testplans/labels/?project=4.725615538889787e-236&amp;parent=%C3%B4O%C2%BE%08%C2%AF%F2%B2%AC%9A%C3%9D%3D%F3%BB%AC%A9%C2%A2V%F1%97%80%AFP.y&amp;page=-20800&amp;page_size=15816'"/>
			<failure type="failure" message="1. Test Case ID: 5PFt4G&#10;&#10;- API rejected schema-compliant request&#10;&#10;    Valid data should have been accepted&#10;    Expected: 2xx, 401, 403, 404, 409, 5xx&#10;&#10;- Undocumented HTTP status code&#10;&#10;    Received: 400&#10;    Documented: 201&#10;&#10;[400] Bad Request:&#10;&#10;    `[&quot;Could not retrieve test from request&quot;]`&#10;&#10;Reproduce with:&#10;&#10;    curl -X POST -H 'Authorization: Bearer eyJhbGciOiJIUzI1NiIsInR5cCI6IkpXVCJ9.eyJ0b2tlbl90eXBlIjoiYWNjZXNzIiwiZXhwIjoxNzc3NzI0NDY3LCJpYXQiOjE3Nzc3MjQxNjcsImp0aSI6ImU3MmE0Yjg0YjgyMDQ0YjBhODFmMWNkMWExYWVjMTMzIiwidXNlcl9pZCI6MX0.aZAC8YaqX9lj0C_vqZStnnuPgWTDLRocZ5SLFmpkCmc' -H 'Content-Type: application/json' -d '{&quot;status&quot;: -1152921504606846976, &quot;test&quot;: 25, &quot;\u00fd&quot;: []}' http://127.0.0.1/api/v2/results/"/>
			<failure type="failure" message="1. Test Case ID: uXDIEv&#10;&#10;- API rejected schema-compliant request&#10;&#10;    Valid data should have been accepted&#10;    Expected: 2xx, 401, 403, 404, 409, 5xx&#10;&#10;- Undocumented HTTP status code&#10;&#10;    Received: 400&#10;    Documented: 200&#10;&#10;[400] Bad Request:&#10;&#10;    `{&quot;project&quot;:[&quot;Ensure this value is less than or equal to 1e+50.&quot;],&quot;ordering&quot;:[&quot;Select a valid choice. ÇQI𵰙\u0004 is not one of the available choices.&quot;]}`&#10;&#10;Reproduce with:&#10;&#10;    curl -X GET -H 'Authorization: Bearer eyJhbGciOiJIUzI1NiIsInR5cCI6IkpXVCJ9.eyJ0b2tlbl90eXBlIjoiYWNjZXNzIiwiZXhwIjoxNzc3NzI0NDcyLCJpYXQiOjE3Nzc3MjQxNzIsImp0aSI6IjkxMWRhYTQzMThiZTQ1MjE4NjQ1ZGM1OTJiOTM5MjY1IiwidXNlcl9pZCI6MX0.bv60-XnrxygCXVNYlpAUMaTphy4SRUyxGruLhs7I2CM' 'http://127.0.0.1/api/v2/labels/?project=1.7976931348623155e%2B308&amp;ordering=%C3%87Q%C2%99I%C2%87%F0%B5%B0%99%04'"/>
			<failure type="failure" message="1. Test Case ID: omrYMo&#10;&#10;- Response violates schema&#10;&#10;    {&quot;count&quot;:0,&quot;links&quot;:{&quot;next&quot;:null,&quot;previous&quot;:null},&quot;pages&quot;:{&quot;current&quot;:1,&quot;next&quot;:null,&quot;previous&quot;:null,&quot;total&quot;:1},&quot;results&quot;:[]} is not of type &quot;array&quot;&#10;&#10;    Schema:&#10;&#10;        {&#10;            &quot;type&quot;: &quot;array&quot;,&#10;            &quot;items&quot;: {&#10;                &quot;$ref&quot;: &quot;#/definitions/Label&quot;&#10;            },&#10;            &quot;components&quot;: {&#10;                &quot;schemas&quot;: {&#10;                    &quot;Label&quot;: {&#10;                        &quot;required&quot;: [&#10;                            &quot;name&quot;,&#10;                            &quot;project&quot;&#10;                        ],&#10;                        &quot;type&quot;: &quot;object&quot;,&#10;                        &quot;properties&quot;: {&#10;                            &quot;id&quot;: {&#10;                                &quot;title&quot;: &quot;ID&quot;,&#10;                                &quot;type&quot;: &quot;integer&quot;,&#10;                                &quot;readOnly&quot;: true&#10;                            },&#10;            // Output truncated...&#10;        }&#10;&#10;    Value:&#10;&#10;        {&#10;            &quot;count&quot;: 0,&#10;            &quot;links&quot;: {&#10;                &quot;next&quot;: null,&#10;                &quot;previous&quot;: null&#10;            },&#10;            &quot;pages&quot;: {&#10;                &quot;current&quot;: 1,&#10;                &quot;next&quot;: null,&#10;                &quot;previous&quot;: null,&#10;                &quot;total&quot;: 1&#10;            },&#10;            &quot;results&quot;: []&#10;        }&#10;&#10;[200] OK:&#10;&#10;    `{&quot;links&quot;:{&quot;next&quot;:null,&quot;previous&quot;:null},&quot;count&quot;:0,&quot;pages&quot;:{&quot;next&quot;:null,&quot;previous&quot;:null,&quot;current&quot;:1,&quot;total&quot;:1},&quot;results&quot;:[]}`&#10;&#10;Reproduce with:&#10;&#10;    curl -X GET -H 'Authorization: Bearer eyJhbGciOiJIUzI1NiIsInR5cCI6IkpXVCJ9.eyJ0b2tlbl90eXBlIjoiYWNjZXNzIiwiZXhwIjoxNzc3NzI0NTA3LCJpYXQiOjE3Nzc3MjQyMDcsImp0aSI6IjllZmNmYTcwMTE3NDQ4ODM5MmVmMDEyYmQxY2Q5ZjU3IiwidXNlcl9pZCI6MX0.q6uJecr5IWEXL2Xr88WOoF6Z2efi2WQ1dzI85VkhE1s' http://127.0.0.1/api/v2/labels/deleted/"/>
			<failure type="failure" message="1. Test Case ID: vzlN52&#10;&#10;- API rejected schema-compliant request&#10;&#10;    Valid data should have been accepted&#10;    Expected: 2xx, 401, 403, 404, 409, 5xx&#10;&#10;- Undocumented HTTP status code&#10;&#10;    Received: 400&#10;    Documented: 200&#10;&#10;[400] Bad Request:&#10;&#10;    `{&quot;parent&quot;:[&quot;This field is required.&quot;]}`&#10;&#10;Reproduce with:&#10;&#10;    curl -X GET -H 'Authorization: Bearer eyJhbGciOiJIUzI1NiIsInR5cCI6IkpXVCJ9.eyJ0b2tlbl90eXBlIjoiYWNjZXNzIiwiZXhwIjoxNzc3NzI0NTM3LCJpYXQiOjE3Nzc3MjQyMzcsImp0aSI6ImU4NTk2OGQ3YmFiNzQ0YmE5MTAyMDFmZTdjYWZjYzliIiwidXNlcl9pZCI6MX0.7qwrJcQwlsY5Y4tJV-GFSvTRjjf20npoP3Sb_ylPBt4' 'http://127.0.0.1/api/v2/testplans/assignee-progress/?assignee=-5.026819326840581e-101&amp;parent=&amp;project=-4.7849616831549054e%2B296&amp;search=&amp;attributes=%F1%AB%A0%B1%40&amp;page=14280&amp;page_size=151627043290551367049560683522787750842'"/>
			<failure type="failure" message="1. Test Case ID: g0gdiJ&#10;&#10;- API rejected schema-compliant request&#10;&#10;    Valid data should have been accepted&#10;    Expected: 2xx, 401, 403, 404, 409, 5xx&#10;&#10;- Undocumented HTTP status code&#10;&#10;    Received: 400&#10;    Documented: 201&#10;&#10;[400] Bad Request:&#10;&#10;    `{&quot;instance_ids&quot;:[&quot;This field is required.&quot;]}`&#10;&#10;Reproduce with:&#10;&#10;    curl -X POST -H 'Authorization: Bearer eyJhbGciOiJIUzI1NiIsInR5cCI6IkpXVCJ9.eyJ0b2tlbl90eXBlIjoiYWNjZXNzIiwiZXhwIjoxNzc3NzI0NTczLCJpYXQiOjE3Nzc3MjQyNzMsImp0aSI6ImUwZjJjNzFjMzdhZDQ0YzhiMmUzZTNjOTk5Zjc0MWY5IiwidXNlcl9pZCI6MX0.gNKZMOxSMcfClk45apla2BxnG1n4V-L54rcVXflbUbI' -H 'Content-Type: application/json' -d '{&quot;name&quot;: &quot;\u00c6\u00d9\u0083T'&quot;'&quot;'\u008c\u0015\u00db\u009c*\u00f3X\u00d1\\EwL&quot;, &quot;project&quot;: 11687, &quot;parent&quot;: 19251}' http://127.0.0.1/api/v2/suites/deleted/recover/"/>
			<failure type="failure" message="1. Test Case ID: Uk7WGy&#10;&#10;- Undocumented HTTP status code&#10;&#10;    Received: 404&#10;    Documented: 201&#10;&#10;[404] Not Found:&#10;&#10;    `{&quot;detail&quot;:&quot;No TestResult matches the given query.&quot;}`&#10;&#10;Reproduce with:&#10;&#10;    curl -X POST -H 'Authorization: Bearer eyJhbGciOiJIUzI1NiIsInR5cCI6IkpXVCJ9.eyJ0b2tlbl90eXBlIjoiYWNjZXNzIiwiZXhwIjoxNzc3NzI0NTc3LCJpYXQiOjE3Nzc3MjQyNzcsImp0aSI6ImI2NWNiYTdkMjcwODRkZGQ4YTQ5ZTRlMDg4Mzc4ZGJjIiwidXNlcl9pZCI6MX0.6CPyC1eiCYNF3kDds7BTK0CQGWdDlD_gQT3Idif-Xi8' -H 'Content-Type: application/json' -d '{&quot;status&quot;: 5658, &quot;test&quot;: 7500357315836818767}' http://127.0.0.1/api/v2/results/64/archive/"/>
			<failure type="failure" message="1. Test Case ID: iukWOB&#10;&#10;- Undocumented HTTP status code&#10;&#10;    Received: 401&#10;    Documented: 201&#10;&#10;[401] Unauthorized:&#10;&#10;    `{&quot;detail&quot;:&quot;Authentication credentials were not provided.&quot;}`&#10;&#10;Reproduce with:&#10;&#10;    curl -X POST -H 'e: HIdl&amp;' -H $'dq*: yVWvT\t' -H 'Content-Type: application/json' -d $'@���&amp;Ŏ�\r�j' http://127.0.0.1/api/v2/testplans/deleted/recover/"/>
			<failure type="failure" message="1. Test Case ID: YHhOIp&#10;&#10;- API rejected schema-compliant request&#10;&#10;    Valid data should have been accepted&#10;    Expected: 2xx, 401, 403, 404, 409, 5xx&#10;    Hint: The request body contains 1 additional property not defined in the schema (`ÿ`). The server likely rejects unexpected fields. Add `additionalProperties: false` to your schema to prevent this.&#10;&#10;- Undocumented HTTP status code&#10;&#10;    Received: 400&#10;    Documented: 201&#10;&#10;[400] Bad Request:&#10;&#10;    `{&quot;project&quot;:[&quot;Invalid pk \&quot;0\&quot; - object does not exist.&quot;],&quot;file&quot;:[&quot;No file was submitted.&quot;]}`&#10;&#10;Reproduce with:&#10;&#10;    curl -X POST -H 'Authorization: Bearer eyJhbGciOiJIUzI1NiIsInR5cCI6IkpXVCJ9.eyJ0b2tlbl90eXBlIjoiYWNjZXNzIiwiZXhwIjoxNzc3NzI0NjE3LCJpYXQiOjE3Nzc3MjQzMTcsImp0aSI6IjRmY2QwNTQzMThmOTQ4YTI4NWQ1MmM5NzQxYzNhMTcxIiwidXNlcl9pZCI6MX0.KptFHTPdRj7TxNcPNbGj_xlmdke71Z2l_4YpDlYrQLs' -H 'Content-Type: application/json' -d '{&quot;project&quot;: 0, &quot;\u00ff&quot;: [{&quot;\u0095\u008e\u00f2&quot;: &quot;yE~\u0099\u0016\\\u00e5]&quot;, &quot;L.\u0088&quot;: true, &quot;\udad6\udc96&quot;: -2.104112984476224e+86}, [17815]]}' http://127.0.0.1/api/v2/attachments/"/>
			<failure type="failure" message="1. Test Case ID: tvxWdD&#10;&#10;- API rejected schema-compliant request&#10;&#10;    Valid data should have been accepted&#10;    Expected: 2xx, 401, 403, 404, 409, 5xx&#10;&#10;- Undocumented HTTP status code&#10;&#10;    Received: 400&#10;    Documented: 200&#10;&#10;[400] Bad Request:&#10;&#10;    `{&quot;test&quot;:[&quot;Select a valid choice. That choice is not one of the available choices.&quot;],&quot;project&quot;:[&quot;Ensure this value is less than or equal to 1e+50.&quot;]}`&#10;&#10;Reproduce with:&#10;&#10;    curl -X GET -H 'Authorization: Bearer eyJhbGciOiJIUzI1NiIsInR5cCI6IkpXVCJ9.eyJ0b2tlbl90eXBlIjoiYWNjZXNzIiwiZXhwIjoxNzc3NzI0NjIxLCJpYXQiOjE3Nzc3MjQzMjEsImp0aSI6ImI2MTJhOTg4NzA5ODQzZDFhYTkwZWFhMzU0M2JiNDUzIiwidXNlcl9pZCI6MX0.RcMsE51s3jayte2KLGmFqd4LvCb4cbtt8lyDxVZt_A4' 'http://127.0.0.1/api/v2/results/?project=5.9829836055907656e%2B66&amp;is_archive=false&amp;test=%F0%9E%99%93%C2%B8'"/>
			<failure type="failure" message="1. Test Case ID: dGIdGU&#10;&#10;- API rejected schema-compliant request&#10;&#10;    Valid data should have been accepted&#10;    Expected: 2xx, 401, 403, 404, 409, 5xx&#10;&#10;- Undocumented HTTP status code&#10;&#10;    Received: 400&#10;    Documented: 201&#10;&#10;[400] Bad Request:&#10;&#10;    `{&quot;instance_ids&quot;:[&quot;This field is required.&quot;]}`&#10;&#10;Reproduce with:&#10;&#10;    curl -X POST -H 'Authorization: Bearer eyJhbGciOiJIUzI1NiIsInR5cCI6IkpXVCJ9.eyJ0b2tlbl90eXBlIjoiYWNjZXNzIiwiZXhwIjoxNzc3NzI0NjU4LCJpYXQiOjE3Nzc3MjQzNTgsImp0aSI6IjVlYTA0MWM3OTE2ODQxY2I5NjA1OWZmYmEzYWNlMWE2IiwidXNlcl9pZCI6MX0.GmfoSpYAWhe5OVXIkOR08EqZ6p7WxXYoNUTwU5nzylY' -H 'Content-Type: application/json' -d '{&quot;name&quot;: &quot;\ud9d2\udfa2&quot;, &quot;project&quot;: 36893488147419103232}' http://127.0.0.1/api/v2/labels/deleted/recover/"/>
			<failure type="failure" message="1. Test Case ID: CedOvu&#10;&#10;- API rejected schema-compliant request&#10;&#10;    Valid data should have been accepted&#10;    Expected: 2xx, 401, 403, 404, 409, 5xx&#10;&#10;- Undocumented HTTP status code&#10;&#10;    Received: 400&#10;    Documented: 201&#10;&#10;[400] Bad Request:&#10;&#10;    `{&quot;instance_ids&quot;:[&quot;This field is required.&quot;]}`&#10;&#10;Reproduce with:&#10;&#10;    curl -X POST -H 'Authorization: Bearer eyJhbGciOiJIUzI1NiIsInR5cCI6IkpXVCJ9.eyJ0b2tlbl90eXBlIjoiYWNjZXNzIiwiZXhwIjoxNzc3NzI0Njg3LCJpYXQiOjE3Nzc3MjQzODcsImp0aSI6IjBhMzY2YjU3YmNiNjQzYjRiZjJhYjc1MmE4OWQ4NmI4IiwidXNlcl9pZCI6MX0.RxazQ5d0tmuTjtuqQUZScxW6dznaFIxauhalWrmRTMc' -H 'Content-Type: application/json' -d '{&quot;due_date&quot;: &quot;9125-11-06T08:49:34.700411Z&quot;, &quot;name&quot;: &quot;l&quot;, &quot;project&quot;: -13288, &quot;started_at&quot;: &quot;1805-05-15T07:50:45.579240Z&quot;}' http://127.0.0.1/api/v2/testplans/deleted/remove/"/>
			<failure type="failure" message="1. Test Case ID: BZ0YDR&#10;&#10;- API rejected schema-compliant request&#10;&#10;    Valid data should have been accepted&#10;    Expected: 2xx, 401, 403, 404, 409, 5xx&#10;&#10;- Undocumented HTTP status code&#10;&#10;    Received: 400&#10;    Documented: 201&#10;&#10;[400] Bad Request:&#10;&#10;    `{&quot;errors&quot;:[&quot;Status color must be in hex or rgb or rgba&quot;]}`&#10;&#10;Reproduce with:&#10;&#10;    curl -X POST -H 'Authorization: Bearer eyJhbGciOiJIUzI1NiIsInR5cCI6IkpXVCJ9.eyJ0b2tlbl90eXBlIjoiYWNjZXNzIiwiZXhwIjoxNzc3NzI0NzIwLCJpYXQiOjE3Nzc3MjQ0MjAsImp0aSI6ImZhY2I2NjMyYzYwYTQxZGI4MjcyZTZjZWZjYWQ4YjM1IiwidXNlcl9pZCI6MX0.KksRBLyZdvj-yW_WJRuOcrkrnpXiiGaNRlH5r9WQOW4' -H 'Content-Type: application/json' -d '{&quot;name&quot;: &quot;\u00d6&quot;, &quot;type&quot;: 1, &quot;color&quot;: &quot;\udad6\ude05X-E&quot;}' http://127.0.0.1/api/v2/statuses/"/>
			<failure type="failure" message="1. Test Case ID: PwFGzv&#10;&#10;- API rejected schema-compliant request&#10;&#10;    Valid data should have been accepted&#10;    Expected: 2xx, 401, 403, 404, 409, 5xx&#10;&#10;- Undocumented HTTP status code&#10;&#10;    Received: 400&#10;    Documented: 201&#10;&#10;[400] Bad Request:&#10;&#10;    `{&quot;project&quot;:[&quot;Invalid pk \&quot;-96306973267514305627999442895926016549\&quot; - object does not exist.&quot;]}`&#10;&#10;Reproduce with:&#10;&#10;    curl -X POST -H 'Authorization: Bearer eyJhbGciOiJIUzI1NiIsInR5cCI6IkpXVCJ9.eyJ0b2tlbl90eXBlIjoiYWNjZXNzIiwiZXhwIjoxNzc3NzI0NzU0LCJpYXQiOjE3Nzc3MjQ0NTQsImp0aSI6IjcxYzI2MTQ4NzlmNDRhOWY5ZWFhMDdmYjg0MTU5NzMzIiwidXNlcl9pZCI6MX0.d_uWSR-SOH4CXI7EyzGdBhAGw0YHRM1aO9ll9P3j0AM' -H 'Content-Type: application/json' -d '{&quot;name&quot;: &quot;\u001b\udae6\udf36gU\u0097&quot;, &quot;project&quot;: -96306973267514305627999442895926016549}' http://127.0.0.1/api/v2/labels/"/>
			<failure type="failure" message="1. Test Case ID: 9WwZMM&#10;&#10;- API rejected schema-compliant request&#10;&#10;    Valid data should have been accepted&#10;    Expected: 2xx, 401, 403, 404, 409, 5xx&#10;&#10;- Undocumented HTTP status code&#10;&#10;    Received: 400&#10;    Documented: 200&#10;&#10;[400] Bad Request:&#10;&#10;    `[&quot;parent must be an integer or null&quot;]`&#10;&#10;Reproduce with:&#10;&#10;    curl -X GET -H 'Authorization: Bearer eyJhbGciOiJIUzI1NiIsInR5cCI6IkpXVCJ9.eyJ0b2tlbl90eXBlIjoiYWNjZXNzIiwiZXhwIjoxNzc3NzI0Nzg0LCJpYXQiOjE3Nzc3MjQ0ODQsImp0aSI6ImE1NzUyNjFkMTQwNDQ0ZTZhZTExOGMzY2Q1MmM1ZmUxIiwidXNlcl9pZCI6MX0.Jsj8Ffhl3_H4pf1DB0jxyYc9KscufeXlOQUysLwrzFA' 'http://127.0.0.1/api/v2/suites/union/?project=3.704402918287695e%2B16&amp;treesearch=%C2%8B%C2%BBh%C3%85l%3A%C2%A0U%F1%81%AE%90%F0%A6%A8%92M%F1%A8%91%93%F1%8E%97%A6%C2%86%F2%93%82%AE%C2%81%F0%A3%B2%A1&amp;test_suite_created_before=%C2%9A%06%F3%BA%9F%A9%C3%BC%60R%C2%8D&amp;search=&amp;parent=X%C3%84%C2%A6&amp;page_size=-37&amp;page=-65535'"/>
			<failure type="failure" message="1. Test Case ID: 1RD0U7&#10;&#10;- Response violates schema&#10;&#10;    {&quot;count&quot;:2,&quot;links&quot;:{&quot;next&quot;:null,&quot;previous&quot;:null},&quot;pages&quot;:{&quot;current&quot;:1,&quot;next&quot;:null,&quot;previous&quot;:null,&quot;total&quot;:1},&quot;results&quot;:[{&quot;color&quot;:&quot;rgb(247, 225, 0)&quot;,&quot;id&quot;:7,&quot;name&quot;:&quot;Rollbacked&quot;,&quot;project&quot;:null,&quot;type&quot;:0,&quot;url&quot;:&quot;http://127.0.0.1/api/v2/statuses/7/&quot;},{&quot;color&quot;:&quot;#00FFFF&quot;,&quot;id&quot;:8,&quot;name&quot;:&quot;Ext-Untested&quot;,&quot;project&quot;:null,&quot;type&quot;:1,&quot;url&quot;:&quot;http://127.0.0.1/api/v2/statuses/8/&quot;}]} is not of type &quot;array&quot;&#10;&#10;    Schema:&#10;&#10;        {&#10;            &quot;type&quot;: &quot;array&quot;,&#10;            &quot;items&quot;: {&#10;                &quot;$ref&quot;: &quot;#/definitions/ResultStatus&quot;&#10;            },&#10;            &quot;components&quot;: {&#10;                &quot;schemas&quot;: {&#10;                    &quot;ResultStatus&quot;: {&#10;                        &quot;required&quot;: [&#10;                            &quot;name&quot;&#10;                        ],&#10;                        &quot;type&quot;: &quot;object&quot;,&#10;                        &quot;properties&quot;: {&#10;                            &quot;id&quot;: {&#10;                                &quot;title&quot;: &quot;ID&quot;,&#10;                                &quot;type&quot;: &quot;integer&quot;,&#10;                                &quot;readOnly&quot;: true&#10;                            },&#10;                            &quot;url&quot;: {&#10;            // Output truncated...&#10;        }&#10;&#10;    Value:&#10;&#10;        {&#10;            &quot;count&quot;: 2,&#10;            &quot;links&quot;: {&#10;                &quot;next&quot;: null,&#10;                &quot;previous&quot;: null&#10;            },&#10;            &quot;pages&quot;: {&#10;                &quot;current&quot;: 1,&#10;                &quot;next&quot;: null,&#10;                &quot;previous&quot;: null,&#10;                &quot;total&quot;: 1&#10;            },&#10;            &quot;results&quot;: [&#10;                {&#10;                    &quot;color&quot;: &quot;rgb(247, 225, 0)&quot;,&#10;                    &quot;id&quot;: 7,&#10;                    &quot;name&quot;: &quot;Rollbacked&quot;,&#10;                    &quot;project&quot;: null,&#10;                    &quot;type&quot;: 0,&#10;            // Output truncated...&#10;        }&#10;&#10;[200] OK:&#10;&#10;    `{&quot;links&quot;:{&quot;next&quot;:null,&quot;previous&quot;:null},&quot;count&quot;:2,&quot;pages&quot;:{&quot;next&quot;:null,&quot;previous&quot;:null,&quot;current&quot;:1,&quot;total&quot;:1},&quot;results&quot;:[{&quot;id&quot;:7,&quot;url&quot;:&quot;http://127.0.0.1/api/v2/statuses/7/&quot;,&quot;name&quot;:&quot;Rollbacked&quot;,&quot;color&quot;:&quot;rgb(247, 225, 0)&quot;,&quot;type&quot;:0,&quot;project&quot;:null},{&quot;id&quot;:8,&quot;url&quot;:&quot;http://127.0.0.1/api/v2/statuses/8/&quot;,&quot;name&quot;:&quot;Ext-Untested&quot;,&quot;color&quot;:&quot;#00FFFF&quot;,&quot;type&quot;:1,&quot;project&quot;:null}]}`&#10;&#10;Reproduce with:&#10;&#10;    curl -X GET -H 'Authorization: Bearer eyJhbGciOiJIUzI1NiIsInR5cCI6IkpXVCJ9.eyJ0b2tlbl90eXBlIjoiYWNjZXNzIiwiZXhwIjoxNzc3NzI0ODE2LCJpYXQiOjE3Nzc3MjQ1MTYsImp0aSI6ImY2MTU5OWU3NzM3OTQzZDlhMTIyOWI4NmM2NzI2MGI2IiwidXNlcl9pZCI6MX0.pMdW7qXGFEzYlfE4hW6v6UOSKTfQOZ1PHCjHu4f0FkU' http://127.0.0.1/api/v2/statuses/deleted/"/>
			<failure type="failure" message="1. Test Case ID: 0nptNl&#10;&#10;- Undocumented HTTP status code&#10;&#10;    Received: 404&#10;    Documented: 200&#10;&#10;[404] Not Found:&#10;&#10;    `{&quot;detail&quot;:&quot;Invalid page.&quot;}`&#10;&#10;Reproduce with:&#10;&#10;    curl -X GET -H 'Authorization: Bearer eyJhbGciOiJIUzI1NiIsInR5cCI6IkpXVCJ9.eyJ0b2tlbl90eXBlIjoiYWNjZXNzIiwiZXhwIjoxNzc3NzI0ODQ3LCJpYXQiOjE3Nzc3MjQ1NDcsImp0aSI6IjY1ODZiNWFiNzBiMzRhN2ZhZTY5NjcxNWRiY2U0YTJkIiwidXNlcl9pZCI6MX0.V2aAE7hNPHK10GXmeIdBkLYaG3XfRYwhH1ZTD8g9DHg' 'http://127.0.0.1/api/v2/comments/?model=.exe&amp;page=47&amp;object_id=3628800'"/>
			<failure type="failure" message="1. Test Case ID: WGYDeA&#10;&#10;- API rejected schema-compliant request&#10;&#10;    Valid data should have been accepted&#10;    Expected: 2xx, 401, 403, 404, 409, 5xx&#10;    Hint: The request body contains 1 additional property not defined in the schema (`/)𦈨`). The server likely rejects unexpected fields. Add `additionalProperties: false` to your schema to prevent this.&#10;&#10;- Undocumented HTTP status code&#10;&#10;    Received: 400&#10;    Documented: 201&#10;&#10;[400] Bad Request:&#10;&#10;    `{&quot;instance_ids&quot;:[&quot;This field is required.&quot;]}`&#10;&#10;Reproduce with:&#10;&#10;    curl -X POST -H 'Authorization: Bearer eyJhbGciOiJIUzI1NiIsInR5cCI6IkpXVCJ9.eyJ0b2tlbl90eXBlIjoiYWNjZXNzIiwiZXhwIjoxNzc3NzI0ODg0LCJpYXQiOjE3Nzc3MjQ1ODQsImp0aSI6IjhlYzBhYTQ1MDI3NjQyMWJhNjdhMDM1YzZmOTllMzc1IiwidXNlcl9pZCI6MX0.1nkDsJBj6BFmhu7cPJARZlbwrCeYpuvHnL6Djldme58' -H 'Content-Type: application/json' -d '{&quot;name&quot;: &quot;\u0084\udabb\udde0\udb75\ude45\u00e2D\n&quot;, &quot;/)\ud858\ude28&quot;: [null]}' http://127.0.0.1/api/v2/statuses/deleted/remove/"/>
			<failure type="failure" message="1. Test Case ID: 4wuSmR&#10;&#10;- Undocumented HTTP status code&#10;&#10;    Received: 404&#10;    Documented: 204&#10;&#10;[404] Not Found:&#10;&#10;    `{&quot;detail&quot;:&quot;No TestResult matches the given query.&quot;}`&#10;&#10;Reproduce with:&#10;&#10;    curl -X GET -H 'Authorization: Bearer eyJhbGciOiJIUzI1NiIsInR5cCI6IkpXVCJ9.eyJ0b2tlbl90eXBlIjoiYWNjZXNzIiwiZXhwIjoxNzc3NzI0OTE3LCJpYXQiOjE3Nzc3MjQ2MTcsImp0aSI6IjllZDIzMDQ2MWRkYTRkOWU5MWI0NzU1YTc4ODFmMjQzIiwidXNlcl9pZCI6MX0.OD14QRmgStPLk3ngGI0U3pXNcVGg8MakQO4h0pP9SKs' 'http://127.0.0.1/api/v2/results/?project=2.044263555573813e-87&amp;is_archive=true&amp;test='&#10;    curl -X DELETE -H 'Authorization: Bearer eyJhbGciOiJIUzI1NiIsInR5cCI6IkpXVCJ9.eyJ0b2tlbl90eXBlIjoiYWNjZXNzIiwiZXhwIjoxNzc3NzI0OTE3LCJpYXQiOjE3Nzc3MjQ2MTcsImp0aSI6IjllZDIzMDQ2MWRkYTRkOWU5MWI0NzU1YTc4ODFmMjQzIiwidXNlcl9pZCI6MX0.OD14QRmgStPLk3ngGI0U3pXNcVGg8MakQO4h0pP9SKs' http://127.0.0.1/api/v2/results/25669/"/>
			<failure type="failure" message="1. Test Case ID: UmND1H&#10;&#10;- API rejected schema-compliant request&#10;&#10;    Valid data should have been accepted&#10;    Expected: 2xx, 401, 403, 404, 409, 5xx&#10;&#10;- Undocumented HTTP status code&#10;&#10;    Received: 400&#10;    Documented: 200&#10;&#10;[400] Bad Request:&#10;&#10;    `[&quot;parent must be an integer or null&quot;]`&#10;&#10;Reproduce with:&#10;&#10;    curl -X GET -H 'Authorization: Bearer eyJhbGciOiJIUzI1NiIsInR5cCI6IkpXVCJ9.eyJ0b2tlbl90eXBlIjoiYWNjZXNzIiwiZXhwIjoxNzc3NzI0OTQ3LCJpYXQiOjE3Nzc3MjQ2NDcsImp0aSI6Ijg1MTc4ZjkyMjllNDQ5ODY5NjNhMWE5NDgwNDcxMzFmIiwidXNlcl9pZCI6MX0.cMsDhpgA2fricnOCD4hqAZxddTA1KcFEFciMPgcZWpo' 'http://127.0.0.1/api/v2/testplans/union/?parent=5%F2%96%87%B2%F0%AE%A7%88%EB%AB%AD%F1%94%B1%A9%F3%A4%90%B1%F3%BC%99%BFjB%C3%BC%C2%83%C2%95c%C3%B5R%C3%A2%60%C3%AA%C2%86&amp;project=-1.6216916793113182e-203&amp;test_plan_created_after=&amp;parameters=&amp;test_plan_started_before=%C3%A0%C2%AARf%C3%AF%C2%BB%F4%84%84%A1&amp;page=-26172&amp;treesearch=%F0%99%BC%BE%29%C2%AC%C2%9C%F1%9F%A6%84%C3%B1%C3%85%F0%BA%9D%9C&amp;attributes=%C2%96P%F1%B3%9B%BE&amp;test_plan_started_after=%F1%8E%92%81O%02&amp;page_size=118'"/>
			<failure type="failure" message="1. Test Case ID: MnCjMx&#10;&#10;- API rejected schema-compliant request&#10;&#10;    Valid data should have been accepted&#10;    Expected: 2xx, 401, 403, 404, 409, 5xx&#10;&#10;- Undocumented HTTP status code&#10;&#10;    Received: 400&#10;    Documented: 201&#10;&#10;[400] Bad Request:&#10;&#10;    `{&quot;instance_ids&quot;:[&quot;This field is required.&quot;]}`&#10;&#10;Reproduce with:&#10;&#10;    curl -X POST -H 'Authorization: Bearer eyJhbGciOiJIUzI1NiIsInR5cCI6IkpXVCJ9.eyJ0b2tlbl90eXBlIjoiYWNjZXNzIiwiZXhwIjoxNzc3NzI0OTQ5LCJpYXQiOjE3Nzc3MjQ2NDksImp0aSI6IjE0OTVmMjkxZDQ3MDQ4YTU4ZDAzMWIyZjBlMzY1YmFhIiwidXNlcl9pZCI6MX0.saI4ibFdRIB7GYzzJkkTzfuITGUDgmhri2mKAKkaCgU' -H 'Content-Type: application/json' -d '{&quot;name&quot;: &quot;\u00fa\u00dd\u00b8c&quot;, &quot;project&quot;: 386}' http://127.0.0.1/api/v2/cases/deleted/recover/"/>
			<failure type="failure" message="1. Test Case ID: LgvaS4&#10;&#10;- API rejected schema-compliant request&#10;&#10;    Valid data should have been accepted&#10;    Expected: 2xx, 401, 403, 404, 409, 5xx&#10;&#10;- Undocumented HTTP status code&#10;&#10;    Received: 400&#10;    Documented: 201&#10;&#10;[400] Bad Request:&#10;&#10;    `{&quot;password&quot;:[&quot;This password is too short. It must contain at least 8 characters.&quot;,&quot;Password must have at least one uppercase character.&quot;]}`&#10;&#10;Reproduce with:&#10;&#10;    curl -X POST -H 'Authorization: Bearer eyJhbGciOiJIUzI1NiIsInR5cCI6IkpXVCJ9.eyJ0b2tlbl90eXBlIjoiYWNjZXNzIiwiZXhwIjoxNzc3NzI0OTU1LCJpYXQiOjE3Nzc3MjQ2NTUsImp0aSI6IjM5ODE0NzU2ZjA2YzQ5OGRhNTUyZmZlZjZiNTdiZWUxIiwidXNlcl9pZCI6MX0.HW8gd_uZb11umkl7c8MqCDqgLUWEHpOCveKcxdKywIk' -H 'Content-Type: application/json' -d '{&quot;password&quot;: &quot;\u00f4&quot;, &quot;username&quot;: &quot;\ud866\udd8d\u00c7\u0112\u015f\u7a66\u023a&quot;, &quot;&quot;: [[null, 80], [], []]}' http://127.0.0.1/api/v2/users/"/>
			<failure type="failure" message="1. Test Case ID: KYw7tS&#10;&#10;- API rejected schema-compliant request&#10;&#10;    Valid data should have been accepted&#10;    Expected: 2xx, 401, 403, 404, 409, 5xx&#10;&#10;- Undocumented HTTP status code&#10;&#10;    Received: 400&#10;    Documented: 201&#10;&#10;[400] Bad Request:&#10;&#10;    `{&quot;attachments&quot;:[&quot;Invalid pk \&quot;24\&quot; - object does not exist.&quot;],&quot;model&quot;:[&quot;Object with model=)µ does not exist.&quot;]}`&#10;&#10;Reproduce with:&#10;&#10;    curl -X POST -H 'Authorization: Bearer eyJhbGciOiJIUzI1NiIsInR5cCI6IkpXVCJ9.eyJ0b2tlbl90eXBlIjoiYWNjZXNzIiwiZXhwIjoxNzc3NzI0OTY3LCJpYXQiOjE3Nzc3MjQ2NjcsImp0aSI6IjQyZGUyMTgxNWYyZDQxN2Q4ZTIxYzMwZTFjZTFmYmFmIiwidXNlcl9pZCI6MX0.mBLoGz3nQZeQG-Myea-fJz3OLYnOdwxGqhtCmIE_l1Q' -H 'Content-Type: application/json' -d '{&quot;model&quot;: &quot;)\u00b5&quot;, &quot;object_id&quot;: 6, &quot;attachments&quot;: [24, 8278, -13466, 7762, -161, 13672, -24, 28125], &quot;content&quot;: null}' http://127.0.0.1/api/v2/comments/"/>
			<failure type="failure" message="1. Test Case ID: tHBEbK&#10;&#10;- Undocumented HTTP status code&#10;&#10;    Received: 404&#10;    Documented: 201&#10;&#10;[404] Not Found:&#10;&#10;    `{&quot;detail&quot;:&quot;No TestPlan matches the given query.&quot;}`&#10;&#10;Reproduce with:&#10;&#10;    curl -X POST -H 'Authorization: Bearer eyJhbGciOiJIUzI1NiIsInR5cCI6IkpXVCJ9.eyJ0b2tlbl90eXBlIjoiYWNjZXNzIiwiZXhwIjoxNzc3NzI1MDA5LCJpYXQiOjE3Nzc3MjQ3MDksImp0aSI6IjAyYjBkODNjYWRmNjQxMjU5ZTg1ZWY2MzI3OGQ2OTk3IiwidXNlcl9pZCI6MX0.V3Di3MXeDvPFq2WspuPMnkoQg_gckixaSC9-0ADN5hQ' -H 'Content-Type: application/json' -d '{&quot;due_date&quot;: &quot;5401-09-02T20:45:01.362879-04:04&quot;, &quot;name&quot;: &quot;\ud939\uddbc8&quot;, &quot;project&quot;: 6596605440316469205, &quot;started_at&quot;: &quot;4695-01-18T16:13:42.231570Z&quot;, &quot;\u00cc&quot;: {}}' http://127.0.0.1/api/v2/testplans/23802/archive/"/>
			<failure type="failure" message="1. Test Case ID: ZX1D8X&#10;&#10;- API rejected schema-compliant request&#10;&#10;    Valid data should have been accepted&#10;    Expected: 2xx, 401, 403, 404, 409, 5xx&#10;&#10;- Undocumented HTTP status code&#10;&#10;    Received: 400&#10;    Documented: 201&#10;&#10;[400] Bad Request:&#10;&#10;    `{&quot;permissions&quot;:[&quot;Invalid pk \&quot;25987\&quot; - object does not exist.&quot;]}`&#10;&#10;Reproduce with:&#10;&#10;    curl -X POST -H 'Authorization: Bearer eyJhbGciOiJIUzI1NiIsInR5cCI6IkpXVCJ9.eyJ0b2tlbl90eXBlIjoiYWNjZXNzIiwiZXhwIjoxNzc3NzI1MDQyLCJpYXQiOjE3Nzc3MjQ3NDIsImp0aSI6IjBjYWEzMjE3ODQwMTRiNGZhN2Q5M2JjNGZjOThiYmMwIiwidXNlcl9pZCI6MX0.Gq_n5UjONlw_LOJuSMxy2W4tv5f3gNvLN6gv_-yK6WQ' -H 'Content-Type: application/json' -d '{&quot;name&quot;: &quot;\u008f\u009f@\u00b1\ud81e\udc89\u00df&quot;, &quot;permissions&quot;: [25987, -27040], &quot;type&quot;: 3}' http://127.0.0.1/api/v2/roles/"/>
			<failure type="failure" message="1. Test Case ID: IRvv9b&#10;&#10;- API rejected schema-compliant request&#10;&#10;    Valid data should have been accepted&#10;    Expected: 2xx, 401, 403, 404, 409, 5xx&#10;&#10;- Undocumented HTTP status code&#10;&#10;    Received: 400&#10;    Documented: 201&#10;&#10;[400] Bad Request:&#10;&#10;    `{&quot;instance_ids&quot;:[&quot;This field is required.&quot;]}`&#10;&#10;Reproduce with:&#10;&#10;    curl -X POST -H 'Authorization: Bearer eyJhbGciOiJIUzI1NiIsInR5cCI6IkpXVCJ9.eyJ0b2tlbl90eXBlIjoiYWNjZXNzIiwiZXhwIjoxNzc3NzI1MDc2LCJpYXQiOjE3Nzc3MjQ3NzYsImp0aSI6IjdmM2U0Mzg4MjVlMzRmMjg5MWJlY2FkZjQwYTAwNmIzIiwidXNlcl9pZCI6MX0.MxbJQDsOCQgVcc4dzbQgDCLOSCrDGy5suuOy3amsgrY' -H 'Content-Type: application/json' -d '{&quot;name&quot;: &quot;H\u00a8Z\u00d8\u0086\u009dB\u00dc\u00dd\u00ef&quot;, &quot;project&quot;: 31053, &quot;\u00a2&quot;: {&quot;\u001f(N\udb75\udda3aq\\\u000e&quot;: {&quot;b\u00f4\u00ec&quot;: {&quot;\u00e8\u00d6\u00ee\u00f6a?ff\u00b5&quot;: -106}, &quot;\ud858\ude01\u00be'&quot;'&quot;'\udbd8\udc1b\u00e1\u00f7p\u00d5[\u00ba\u00fc\ud94c\udc0c&quot;: &quot;S\uda0e\udc5b&quot;, &quot;\udb74\udf72+\u00d0\ud82c\udf0d&quot;: {&quot;&quot;: 3.521053629664586e+16}}, &quot;&quot;: {}}, &quot;0\udbb2\udc62\u0000\u0005{\u00c6\u0017&quot;: [false], &quot;\u009c\udbf0\udf8b&quot;: {}, &quot;description&quot;: &quot;\u00c2\u00ae[ \u009f\u00a8\b\u00a6\u00ded\rm\u00c0\udb6e\udec8n&quot;}' http://127.0.0.1/api/v2/cases/archive/restore/"/>
			<failure type="failure" message="1. Test Case ID: 8eCl7t&#10;&#10;- API rejected schema-compliant request&#10;&#10;    Valid data should have been accepted&#10;    Expected: 2xx, 401, 403, 404, 409, 5xx&#10;&#10;- Undocumented HTTP status code&#10;&#10;    Received: 400&#10;    Documented: 201&#10;&#10;[400] Bad Request:&#10;&#10;    `{&quot;instance_ids&quot;:[&quot;This field is required.&quot;]}`&#10;&#10;Reproduce with:&#10;&#10;    curl -X POST -H 'Authorization: Bearer eyJhbGciOiJIUzI1NiIsInR5cCI6IkpXVCJ9.eyJ0b2tlbl90eXBlIjoiYWNjZXNzIiwiZXhwIjoxNzc3NzI1MDc4LCJpYXQiOjE3Nzc3MjQ3NzgsImp0aSI6IjA1M2JkN2U5NDRjNzQwZjJhZmE1N2UyMTM5ZGM3MWUzIiwidXNlcl9pZCI6MX0.9E_EUf3y2_Y9RiOwqWaVRGa65bk8NO26khpvG83kaoo' -H 'Content-Type: application/json' -d '{&quot;name&quot;: &quot;\u00c5h{\u0082\u0001\&quot;\udb79\udc2d&quot;, &quot;project&quot;: 281474976710657, &quot;\u000f9&quot;: [], &quot;\u00c7\u00f82&quot;: [[]], &quot;suite&quot;: {&quot;id&quot;: 5, &quot;name&quot;: &quot;\udb86\udd20\u009c\u00a3\ud873\ude407\u009dq\u00b86&quot;}, &quot;x\u0013&quot;: [true, null, null]}' http://127.0.0.1/api/v2/cases/deleted/remove/"/>
			<failure type="failure" message="1. Test Case ID: CMfIjn&#10;&#10;- Undocumented HTTP status code&#10;&#10;    Received: 401&#10;    Documented: 201&#10;&#10;[401] Unauthorized:&#10;&#10;    `{&quot;detail&quot;:&quot;Authentication credentials were not provided.&quot;}`&#10;&#10;Reproduce with:&#10;&#10;    curl -X POST -H '3: )6R3cXfZ&lt;&quot;Hvt' -H '&amp;F: g' -H 'Content-Type: application/json' -d '{&quot;\u001a+\ud97c\ude2d\u0002T\u00b1\udbb5\uddf5&quot;: [], &quot;\u00a3\u00e5\u00f8\u00e0\u00174^/t&quot;: [], &quot;\u00bb\u0014\u00ac~&quot;: {}}' http://127.0.0.1/api/v2/results/"/>
			<failure type="failure" message="1. Test Case ID: 8il8NF&#10;&#10;- API rejected schema-compliant request&#10;&#10;    Valid data should have been accepted&#10;    Expected: 2xx, 401, 403, 404, 409, 5xx&#10;    Hint: The request body contains 1 additional property not defined in the schema (`񃛸񧀝􂺄N5bÙ¦©`). The server likely rejects unexpected fields. Add `additionalProperties: false` to your schema to prevent this.&#10;&#10;- Undocumented HTTP status code&#10;&#10;    Received: 400&#10;    Documented: 201&#10;&#10;[400] Bad Request:&#10;&#10;    `{&quot;project&quot;:[&quot;Invalid pk \&quot;-360\&quot; - object does not exist.&quot;]}`&#10;&#10;Reproduce with:&#10;&#10;    curl -X POST -H 'Authorization: Bearer eyJhbGciOiJIUzI1NiIsInR5cCI6IkpXVCJ9.eyJ0b2tlbl90eXBlIjoiYWNjZXNzIiwiZXhwIjoxNzc3NzI1MTI3LCJpYXQiOjE3Nzc3MjQ4MjcsImp0aSI6IjQzMzBjZDkyNzY5ZjQ1ZWRiYzg4N2U4NWMxZDI2YzJiIiwidXNlcl9pZCI6MX0.wvGBkNMbq97U1vkfyh2Mz9q7P3HZnixBwCFyAUCZilU' -H 'Content-Type: application/json' -d '{&quot;due_date&quot;: &quot;0669-08-14T13:51:36.193059Z&quot;, &quot;name&quot;: &quot;\u00b1\ud96d\udcc9\u0082\u001f}&quot;, &quot;project&quot;: -360, &quot;started_at&quot;: &quot;0394-10-05T09:21:08.258295+08:23&quot;, &quot;\ud8cd\udef8\ud95c\udc1d\udbcb\ude84N5b\u00d9\u000f\u00a6\u00a9\u009e\u0093&quot;: [null, &quot;&quot;, null]}' http://127.0.0.1/api/v2/testplans/"/>
			<failure type="failure" message="1. Test Case ID: ZQkflu&#10;&#10;- Response violates schema&#10;&#10;    0 is not of type &quot;string&quot;&#10;&#10;    Schema at /definitions/ProjectRetrieve/properties/cases_count:&#10;&#10;        {&#10;            &quot;type&quot;: &quot;string&quot;,&#10;            &quot;title&quot;: &quot;Cases count&quot;,&#10;            &quot;readOnly&quot;: true&#10;        }&#10;&#10;    Value:&#10;&#10;        0&#10;&#10;- Response violates schema&#10;&#10;    0 is not of type &quot;string&quot;&#10;&#10;    Schema at /definitions/ProjectRetrieve/properties/plans_count:&#10;&#10;        {&#10;            &quot;type&quot;: &quot;string&quot;,&#10;            &quot;title&quot;: &quot;Plans count&quot;,&#10;            &quot;readOnly&quot;: true&#10;        }&#10;&#10;    Value:&#10;&#10;        0&#10;&#10;- Response violates schema&#10;&#10;    0 is not of type &quot;string&quot;&#10;&#10;    Schema at /definitions/ProjectRetrieve/properties/suites_count:&#10;&#10;        {&#10;            &quot;type&quot;: &quot;string&quot;,&#10;            &quot;title&quot;: &quot;Suites count&quot;,&#10;            &quot;readOnly&quot;: true&#10;        }&#10;&#10;    Value:&#10;&#10;        0&#10;&#10;- Response violates schema&#10;&#10;    0 is not of type &quot;string&quot;&#10;&#10;    Schema at /definitions/ProjectRetrieve/properties/tests_count:&#10;&#10;        {&#10;            &quot;type&quot;: &quot;string&quot;,&#10;            &quot;title&quot;: &quot;Tests count&quot;,&#10;            &quot;readOnly&quot;: true&#10;        }&#10;&#10;    Value:&#10;&#10;        0&#10;&#10;- Response violates schema&#10;&#10;    true is not of type &quot;string&quot;&#10;&#10;    Schema at /definitions/ProjectRetrieve/properties/is_visible:&#10;&#10;        {&#10;            &quot;type&quot;: &quot;string&quot;,&#10;            &quot;title&quot;: &quot;Is visible&quot;,&#10;            &quot;readOnly&quot;: true&#10;        }&#10;&#10;    Value:&#10;&#10;        true&#10;&#10;[201] Created:&#10;&#10;    `{&quot;id&quot;:2,&quot;url&quot;:&quot;http://127.0.0.1/api/v2/projects/2/&quot;,&quot;name&quot;:&quot;กา&quot;,&quot;description&quot;:&quot;&quot;,&quot;is_archive&quot;:false,&quot;icon&quot;:&quot;&quot;,&quot;settings&quot;:{&quot;is_result_editable&quot;:true,&quot;result_edit_limit&quot;:&quot;1h&quot;,&quot;status_order&quot;:{},&quot;default_status&quot;:null},&quot;is_private&quot;:false,&quot;cases_count&quot;:0,&quot;plans_count&quot;:0,&quot;tests_count&quot;:0,&quot;suites_count&quot;:0,&quot;is_visible&quot;:true}`&#10;&#10;Reproduce with:&#10;&#10;    curl -X POST -H 'Authorization: Bearer eyJhbGciOiJIUzI1NiIsInR5cCI6IkpXVCJ9.eyJ0b2tlbl90eXBlIjoiYWNjZXNzIiwiZXhwIjoxNzc3NzI1MTc1LCJpYXQiOjE3Nzc3MjQ4NzUsImp0aSI6Ijk5OTVjYzNlOGNhMjQwNGFhMGU4NjhmOWMwYzhhYWViIiwidXNlcl9pZCI6MX0.GU6muNYQQQibG1RQlz8DCWnh37hBKCutdKlaSHT4k_g' -H 'Content-Type: application/json' -d '{&quot;name&quot;: &quot;\u0e01\u0e32&quot;}' http://127.0.0.1/api/v2/projects/"/>
			<failure type="failure" message="1. Test Case ID: W2K07J&#10;&#10;- API rejected schema-compliant request&#10;&#10;    Valid data should have been accepted&#10;    Expected: 2xx, 401, 403, 404, 409, 5xx&#10;&#10;- Undocumented HTTP status code&#10;&#10;    Received: 400&#10;    Documented: 200&#10;&#10;[400] Bad Request:&#10;&#10;    `{&quot;errors&quot;:[&quot;'model' and 'object_id' filters must be used together.&quot;]}`&#10;&#10;Reproduce with:&#10;&#10;    curl -X GET -H 'Authorization: Bearer eyJhbGciOiJIUzI1NiIsInR5cCI6IkpXVCJ9.eyJ0b2tlbl90eXBlIjoiYWNjZXNzIiwiZXhwIjoxNzc3NzI1MjE0LCJpYXQiOjE3Nzc3MjQ5MTQsImp0aSI6IjM2ZGU5MTk2MWRjYjRjMDBiNTVkZjIwMjc3MWM4OTdiIiwidXNlcl9pZCI6MX0.M-tCWT2OV3MUxXwUPrgehKE8EM1mRf7mQ_WPZyTYzKU' 'http://127.0.0.1/api/v2/comments/?ordering='"/>
			<failure type="failure" message="1. Test Case ID: vdexrR&#10;&#10;- API rejected schema-compliant request&#10;&#10;    Valid data should have been accepted&#10;    Expected: 2xx, 401, 403, 404, 409, 5xx&#10;&#10;- Undocumented HTTP status code&#10;&#10;    Received: 400&#10;    Documented: 201&#10;&#10;[400] Bad Request:&#10;&#10;    `{&quot;instance_ids&quot;:[&quot;This field is required.&quot;]}`&#10;&#10;Reproduce with:&#10;&#10;    curl -X POST -H 'Authorization: Bearer eyJhbGciOiJIUzI1NiIsInR5cCI6IkpXVCJ9.eyJ0b2tlbl90eXBlIjoiYWNjZXNzIiwiZXhwIjoxNzc3NzI1MjE4LCJpYXQiOjE3Nzc3MjQ5MTgsImp0aSI6IjRjMTI5MjVkYTkyMDRmODY5OTgyYzUxYzA2NjAxZThjIiwidXNlcl9pZCI6MX0.QQNZK-BVl0vrLMeiTymCmrd8Bj3DEbH2VYs_YrPDGbw' -H 'Content-Type: application/json' -d '{&quot;name&quot;: &quot;&lt;&quot;, &quot;settings&quot;: {&quot;default_status&quot;: 17, &quot;\u0006&quot;: {}, &quot;&quot;: true, &quot;result_edit_limit&quot;: null}, &quot;\u00b5\n\u00f2\u00d3&quot;: []}' http://127.0.0.1/api/v2/projects/archive/restore/"/>
			<failure type="failure" message="1. Test Case ID: ggkChF&#10;&#10;- Undocumented HTTP status code&#10;&#10;    Received: 404&#10;    Documented: 201&#10;&#10;[404] Not Found:&#10;&#10;    `{&quot;detail&quot;:&quot;No Project matches the given query.&quot;}`&#10;&#10;Reproduce with:&#10;&#10;    curl -X POST -H 'Authorization: Bearer eyJhbGciOiJIUzI1NiIsInR5cCI6IkpXVCJ9.eyJ0b2tlbl90eXBlIjoiYWNjZXNzIiwiZXhwIjoxNzc3NzI1Mjg3LCJpYXQiOjE3Nzc3MjQ5ODcsImp0aSI6Ijk2YmJhOWY1ODVhOTQ1ZWQ5YmViMTcwZThmZmY1ZDkzIiwidXNlcl9pZCI6MX0.c-Wnnwx4uPoBOw5WzHqaK8FD8sVLJm6LgGjxMfwdzgk' -H 'Content-Type: application/json' -d '{&quot;name&quot;: &quot;\ud929\ude99b&quot;, &quot;is_favorite&quot;: false, &quot;\u009b\u00eb\\&quot;: [{&quot;\udbec\ude11\udb26\udf93\u00a8_\udb52\udc9f&quot;: [-13084, true, 11254]}, {&quot;x\u00f0&quot;: [3972947055058908703, {&quot;\u00c3\u00afx&quot;: null, &quot;\udbc9\udc6f\u0014\ud8d1\udca5&quot;: null, &quot;\u00c2\uda44\ude4f\u00ed\udb6b\udfb1\n\r&quot;: 5.24922512545312e+16}, {&quot;2p\bdt&quot;: &quot;x\u00a1\u00bf\ud9fb\udce4-&quot;, &quot;z\u0092\u0016&quot;: null, &quot;f\u00c3\u0005\u00b4\u00c0\ud82a\udc640!yRsu\u00ca&quot;: true}]}, [{&quot;&quot;: {}}, null]], &quot;is_private&quot;: true, &quot;\u00c0\uda88\uddfb\u008e1\udacf\udf0c\u00bd\u008f&quot;: [&quot;\u00e9\u00955C\u001d\u0080\ud91d\udd4dB\ud809\udec3&quot;, [&quot;Scunthorpe&quot;, [false, {&quot;\u0097\u00a8\u00c7+\u00c8\udbb8\udffa\uda33\udf09|\udb88\udcef&quot;: null, &quot;&quot;: &quot;\u0013\u00cc\u0001\u00fd\u00b2\u00d8c\ud941\udf98\uda3e\ude62\u0092\u00b6\u0003\uda37\ude03\udb02\udd21\u00a8\u0015:\u00b8\u2238&quot;, &quot;\u0084&quot;: true}, &quot;\u0017\uda83\udfd4\ud91f\ude74\u00d1\u001a\u3476\udb36\udc7c\ud8b8\udcbe\u00d7\ud8e0\udc34\u00f1&quot;], &quot;\ud835\udc13\ud835\udc21\ud835\udc1e \ud835\udc2a\ud835\udc2e\ud835\udc22\ud835\udc1c\ud835\udc24 \ud835\udc1b\ud835\udc2b\ud835\udc28\ud835\udc30\ud835\udc27 \ud835\udc1f\ud835\udc28\ud835\udc31 \ud835\udc23\ud835\udc2e\ud835\udc26\ud835\udc29\ud835\udc2c \ud835\udc28\ud835\udc2f\ud835\udc1e\ud835\udc2b \ud835\udc2d\ud835\udc21\ud835\udc1e \ud835\udc25\ud835\udc1a\ud835\udc33\ud835\udc32 \ud835\udc1d\ud835\udc28\ud835\udc20&quot;]]}' http://127.0.0.1/api/v2/projects/31487/archive/"/>
			<failure type="failure" message="1. Test Case ID: FrX9e7&#10;&#10;- Undocumented HTTP status code&#10;&#10;    Received: 401&#10;    Documented: 200&#10;&#10;[401] Unauthorized:&#10;&#10;    `{&quot;detail&quot;:&quot;Authentication credentials were not provided.&quot;}`&#10;&#10;Reproduce with:&#10;&#10;    curl -X GET -H 'Authorization: Bearer eyJhbGciOiJIUzI1NiIsInR5cCI6IkpXVCJ9.eyJ0b2tlbl90eXBlIjoiYWNjZXNzIiwiZXhwIjoxNzc3NzI1MzM0LCJpYXQiOjE3Nzc3MjUwMzQsImp0aSI6Ijg2NzY0NDkyNGViODRlZDZhOWM0ZWM1ODU5MTVjZWMzIiwidXNlcl9pZCI6MX0.4FBjLxXNQnCLcYk5h2TolT1xlnkbXid_tn3ID02ypFQ' -H 'Content-Type: application/json' http://127.0.0.1/api/v2/groups/&#10;    curl -X PATCH -H 'Content-Type: application/json' -d '{&quot;id&quot;: 1, &quot;name&quot;: &quot;\udbd2\udef5\u0082\u00cb&quot;}' http://127.0.0.1/api/v2/groups/1/"/>
			<failure type="failure" message="1. Test Case ID: 6wikor&#10;&#10;- API rejected schema-compliant request&#10;&#10;    Valid data should have been accepted&#10;    Expected: 2xx, 401, 403, 404, 409, 5xx&#10;&#10;- Undocumented HTTP status code&#10;&#10;    Received: 400&#10;    Documented: 200&#10;&#10;[400] Bad Request:&#10;&#10;    `{&quot;project&quot;:[&quot;Ensure this value is less than or equal to 1e+50.&quot;]}`&#10;&#10;Reproduce with:&#10;&#10;    curl -X GET -H 'Authorization: Bearer eyJhbGciOiJIUzI1NiIsInR5cCI6IkpXVCJ9.eyJ0b2tlbl90eXBlIjoiYWNjZXNzIiwiZXhwIjoxNzc3NzI1NDA3LCJpYXQiOjE3Nzc3MjUxMDcsImp0aSI6Ijc0ODllNzk2NmE1NTQxNWE4MmMwMGVjNGU0MjkwNGEyIiwidXNlcl9pZCI6MX0.h1I9TxVcnQW_GoRai0sdBx2Ss7414lthjFgSzyKgwAc' 'http://127.0.0.1/api/v2/testplans/labels/?project=4.735581072125856e%2B215&amp;parent=%C3%92%C3%99&amp;page=25449&amp;page_size=34359738369'"/>
			<failure type="failure" message="1. Test Case ID: wZ5zc1&#10;&#10;- Server error&#10;&#10;- Undocumented Content-Type&#10;&#10;    Received: text/html; charset=utf-8&#10;    Documented: application/json&#10;&#10;- Undocumented HTTP status code&#10;&#10;    Received: 500&#10;    Documented: 200&#10;&#10;[500] Internal Server Error:&#10;&#10;    `&lt;!DOCTYPE html&gt;&#10;    &lt;html lang=&quot;en&quot;&gt;&#10;    &lt;head&gt;&#10;      &lt;meta http-equiv=&quot;content-type&quot; content=&quot;text/html; charset=utf-8&quot;&gt;&#10;      &lt;meta name=&quot;robots&quot; content=&quot;NONE,NOARCHIVE&quot;&gt;&#10;      &lt;title&gt;ValueError&#10;              at /api/v2/users/&lt;/title&gt;&#10;      &lt;style type=&quot;text/css&quot;&gt;&#10;        html * { padding:0; margin:0; }&#10;        body * { padding:10px 20px; }&#10;        body * * { padding:0; }&#10;        body { font:small sans-serif; background-color:#fff; color:#000; }&#10;        body&gt;div { border-bottom:1px solid #ddd; }&#10;        h1 { font-weight:normal; }&#10;        h2 { margin-bottom:.8 // Output truncated...`&#10;&#10;Reproduce with:&#10;&#10;    curl -X GET -H 'Authorization: Bearer eyJhbGciOiJIUzI1NiIsInR5cCI6IkpXVCJ9.eyJ0b2tlbl90eXBlIjoiYWNjZXNzIiwiZXhwIjoxNzc3NzI1NDEyLCJpYXQiOjE3Nzc3MjUxMTIsImp0aSI6IjAzMGE2MGU2YmRjNTQ4ZmM4ZmE2ZGViYzA4ZTdiMGRjIiwidXNlcl9pZCI6MX0.t0421hUx_xChCZWtB6MElHGvWTOKziM09uNaQ2bvbq4' 'http://127.0.0.1/api/v2/users/?email=%C3%B2p%F1%A7%82%98%C3%91%05O%C3%AC6%29r%C2%98%C3%8C%2B7%C3%A8%C2%96%F3%B0%A1%82%F1%90%BF%B6%25&amp;is_superuser=5n%C2%BE%C2%94%C2%90%C3%B3%C2%A5%C2%B6%C3%81%C2%A4n4x%C2%ADD%C2%96%C2%9D%F0%A7%AA%BE%3D%C3%A2%F1%84%BC%A2%C2%80%C2%87h%C3%B0%C2%95%C3%A3M%F3%AC%BF%8A%10&amp;exclude_external=-0.5&amp;project=9%C2%A7%F2%82%87%96&amp;username=&amp;is_active=0&amp;last_name=%E1%B9%B0%CC%BA%CC%BA%CC%95o%CD%9E+%CC%B7i%CC%B2%CC%AC%CD%87%CC%AA%CD%99n%CC%9D%CC%97%CD%95v%CC%9F%CC%9C%CC%98%CC%A6%CD%9Fo%CC%B6%CC%99%CC%B0%CC%A0k%C3%A8%CD%9A%CC%AE%CC%BA%CC%AA%CC%B9%CC%B1%CC%A4+%CC%96t%CC%9D%CD%95%CC%B3%CC%A3%CC%BB%CC%AA%CD%9Eh%CC%BC%CD%93%CC%B2%CC%A6%CC%B3%CC%98%CC%B2e%CD%87%CC%A3%CC%B0%CC%A6%CC%AC%CD%8E+%CC%A2%CC%BC%CC%BB%CC%B1%CC%98h%CD%9A%CD%8E%CD%99%CC%9C%CC%A3%CC%B2%CD%85i%CC%A6%CC%B2%CC%A3%CC%B0%CC%A4v%CC%BB%CD%8De%CC%BA%CC%AD%CC%B3%CC%AA%CC%B0-m%CC%A2i%CD%85n%CC%96%CC%BA%CC%9E%CC%B2%CC%AF%CC%B0d%CC%B5%CC%BC%CC%9F%CD%99%CC%A9%CC%BC%CC%98%CC%B3+%CC%9E%CC%A5%CC%B1%CC%B3%CC%ADr%CC%9B%CC%97%CC%98e%CD%99p%CD%A0r%CC%BC%CC%9E%CC%BB%CC%AD%CC%97e%CC%BA%CC%A0%CC%A3%CD%9Fs%CC%98%CD%87%CC%B3%CD%8D%CC%9D%CD%89e%CD%89%CC%A5%CC%AF%CC%9E%CC%B2%CD%9A%CC%AC%CD%9C%C7%B9%CC%AC%CD%8E%CD%8E%CC%9F%CC%96%CD%87%CC%A4t%CD%8D%CC%AC%CC%A4%CD%93%CC%BC%CC%AD%CD%98%CD%85i%CC%AA%CC%B1n%CD%A0g%CC%B4%CD%89+%CD%8F%CD%89%CD%85c%CC%AC%CC%9Fh%CD%A1a%CC%AB%CC%BB%CC%AF%CD%98o%CC%AB%CC%9F%CC%96%CD%8D%CC%99%CC%9D%CD%89s%CC%97%CC%A6%CC%B2.%CC%A8%CC%B9%CD%88%CC%A3'"/>
			<failure type="failure" message="1. Test Case ID: hdAdQu&#10;&#10;- API rejected schema-compliant request&#10;&#10;    Valid data should have been accepted&#10;    Expected: 2xx, 401, 403, 404, 409, 5xx&#10;&#10;- Undocumented HTTP status code&#10;&#10;    Received: 400&#10;    Documented: 201&#10;&#10;[400] Bad Request:&#10;&#10;    `{&quot;instance_ids&quot;:[&quot;This field is required.&quot;]}`&#10;&#10;Reproduce with:&#10;&#10;    curl -X POST -H 'Authorization: Bearer eyJhbGciOiJIUzI1NiIsInR5cCI6IkpXVCJ9.eyJ0b2tlbl90eXBlIjoiYWNjZXNzIiwiZXhwIjoxNzc3NzI1NDE1LCJpYXQiOjE3Nzc3MjUxMTUsImp0aSI6ImUzYmZmNGZiMzJhOTRjZTZiY2IwODY0MTY1MmY3YjFhIiwidXNlcl9pZCI6MX0.i89FtW4jLDZ5HkpHaxVlvf1iY1Rz9JoiRyZKqnz1R4g' -H 'Content-Type: application/json' -d '{&quot;case&quot;: -29816, &quot;plan&quot;: -40}' http://127.0.0.1/api/v2/tests/deleted/recover/"/>
			<failure type="failure" message="1. Test Case ID: 3DCezJ&#10;&#10;- Undocumented HTTP status code&#10;&#10;    Received: 404&#10;    Documented: 200&#10;&#10;[404] Not Found:&#10;&#10;    `{&quot;detail&quot;:&quot;Invalid page size&quot;}`&#10;&#10;Reproduce with:&#10;&#10;    curl -X GET -H 'Authorization: Bearer eyJhbGciOiJIUzI1NiIsInR5cCI6IkpXVCJ9.eyJ0b2tlbl90eXBlIjoiYWNjZXNzIiwiZXhwIjoxNzc3NzI1NDI2LCJpYXQiOjE3Nzc3MjUxMjYsImp0aSI6IjQ5MTI4NDY1ZTMzODQyZDA4ZmJjMWMyMjg5ZTM2NzBmIiwidXNlcl9pZCI6MX0.97ogvr1LqiaziMNpvnZylK3hwmBGQB6LaDeebiO672E' 'http://127.0.0.1/api/v2/users/?project=&amp;page=19319&amp;exclude_external=3.4838886217225908e%2B16&amp;last_name=%C2%A7&amp;email=%C3%9F1C%F2%9C%B6%90%F1%AD%9A%A1%C3%B9%F0%94%A8%AE%C3%A6%F2%BD%A2%A1i9Z&amp;username=&amp;page_size=-6557'"/>
			<failure type="failure" message="1. Test Case ID: 3oHM3m&#10;&#10;- Response violates schema&#10;&#10;    &quot;count&quot; is a required property&#10;&#10;    Schema:&#10;&#10;        {&#10;            &quot;required&quot;: [&#10;                &quot;count&quot;,&#10;                &quot;results&quot;&#10;            ],&#10;            &quot;type&quot;: &quot;object&quot;,&#10;            &quot;properties&quot;: {&#10;                &quot;count&quot;: {&#10;                    &quot;type&quot;: &quot;integer&quot;&#10;                },&#10;                &quot;next&quot;: {&#10;                    &quot;anyOf&quot;: [&#10;                        {&#10;                            &quot;type&quot;: &quot;string&quot;,&#10;                            &quot;format&quot;: &quot;uri&quot;&#10;                        },&#10;                        {&#10;                            &quot;type&quot;: &quot;null&quot;&#10;                        }&#10;            // Output truncated...&#10;        }&#10;&#10;    Value:&#10;&#10;        {&#10;            &quot;avatar_link&quot;: &quot;&quot;,&#10;            &quot;date_joined&quot;: &quot;2026-04-27T12:40:37.014298Z&quot;,&#10;            &quot;email&quot;: &quot;admin@example.com&quot;,&#10;            &quot;first_name&quot;: &quot;&quot;,&#10;            &quot;groups&quot;: [],&#10;            &quot;id&quot;: 1,&#10;            &quot;is_active&quot;: true,&#10;            &quot;is_staff&quot;: true,&#10;            &quot;is_superuser&quot;: true,&#10;            &quot;last_name&quot;: &quot;&quot;,&#10;            &quot;url&quot;: &quot;http://127.0.0.1/api/v2/users/1/&quot;,&#10;            &quot;username&quot;: &quot;admin&quot;&#10;        }&#10;&#10;[200] OK:&#10;&#10;    `{&quot;id&quot;:1,&quot;url&quot;:&quot;http://127.0.0.1/api/v2/users/1/&quot;,&quot;username&quot;:&quot;admin&quot;,&quot;first_name&quot;:&quot;&quot;,&quot;last_name&quot;:&quot;&quot;,&quot;email&quot;:&quot;admin@example.com&quot;,&quot;is_staff&quot;:true,&quot;is_active&quot;:true,&quot;date_joined&quot;:&quot;2026-04-27T12:40:37.014298Z&quot;,&quot;groups&quot;:[],&quot;avatar_link&quot;:&quot;&quot;,&quot;is_superuser&quot;:true}`&#10;&#10;Reproduce with:&#10;&#10;    curl -X GET -H 'Authorization: Bearer eyJhbGciOiJIUzI1NiIsInR5cCI6IkpXVCJ9.eyJ0b2tlbl90eXBlIjoiYWNjZXNzIiwiZXhwIjoxNzc3NzI1NDg1LCJpYXQiOjE3Nzc3MjUxODUsImp0aSI6ImYxY2E2ZTNiMWEzYTRhODU4YjVmMTk2NGVkODM2ZDVlIiwidXNlcl9pZCI6MX0.zrZA-WaaPVU_dMwDFRaGsmWxGN5ioJmxAf60nRbQaSw' http://127.0.0.1/api/v2/users/me/"/>
			<failure type="failure" message="1. Test Case ID: M7GrAz&#10;&#10;- API rejected schema-compliant request&#10;&#10;    Valid data should have been accepted&#10;    Expected: 2xx, 401, 403, 404, 409, 5xx&#10;&#10;- Undocumented HTTP status code&#10;&#10;    Received: 400&#10;    Documented: 201&#10;&#10;[400] Bad Request:&#10;&#10;    `{&quot;instance_ids&quot;:[&quot;This field is required.&quot;]}`&#10;&#10;Reproduce with:&#10;&#10;    curl -X POST -H 'Authorization: Bearer eyJhbGciOiJIUzI1NiIsInR5cCI6IkpXVCJ9.eyJ0b2tlbl90eXBlIjoiYWNjZXNzIiwiZXhwIjoxNzc3NzI1NTU4LCJpYXQiOjE3Nzc3MjUyNTgsImp0aSI6IjAyNWZmMjg1M2YzNjRhYWVhNzlhNTdmNGY5MzJhYjExIiwidXNlcl9pZCI6MX0.j2PqsSHMo_0JRTWmvsrdypEiBg_ix6esZ3oXvPj9UAU' -H 'Content-Type: application/json' -d '{&quot;case&quot;: 20707, &quot;plan&quot;: 11442}' http://127.0.0.1/api/v2/tests/deleted/remove/"/>
			<failure type="failure" message="1. Test Case ID: 3EWUiT&#10;&#10;- Response violates schema&#10;&#10;    &quot;count&quot; is a required property&#10;&#10;    Schema:&#10;&#10;        {&#10;            &quot;required&quot;: [&#10;                &quot;count&quot;,&#10;                &quot;results&quot;&#10;            ],&#10;            &quot;type&quot;: &quot;object&quot;,&#10;            &quot;properties&quot;: {&#10;                &quot;count&quot;: {&#10;                    &quot;type&quot;: &quot;integer&quot;&#10;                },&#10;                &quot;next&quot;: {&#10;                    &quot;anyOf&quot;: [&#10;                        {&#10;                            &quot;type&quot;: &quot;string&quot;,&#10;                            &quot;format&quot;: &quot;uri&quot;&#10;                        },&#10;                        {&#10;                            &quot;type&quot;: &quot;null&quot;&#10;                        }&#10;            // Output truncated...&#10;        }&#10;&#10;    Value:&#10;&#10;        {&#10;            &quot;projects&quot;: {&#10;                &quot;favorite&quot;: [],&#10;                &quot;is_only_favorite&quot;: false,&#10;                &quot;is_show_archived&quot;: false&#10;            },&#10;            &quot;test_cases&quot;: {&#10;                &quot;is_show_archived&quot;: false&#10;            },&#10;            &quot;test_plans&quot;: {&#10;                &quot;filters&quot;: {},&#10;                &quot;is_cases_filter_open&quot;: false,&#10;                &quot;is_show_archived&quot;: false&#10;            },&#10;            &quot;test_suites&quot;: {&#10;                &quot;filters&quot;: {}&#10;            },&#10;            &quot;ui&quot;: {&#10;                &quot;drawer_size_test_case_details&quot;: 500,&#10;            // Output truncated...&#10;        }&#10;&#10;[200] OK:&#10;&#10;    `{&quot;ui&quot;:{&quot;test_plan&quot;:{},&quot;graph_base_type&quot;:&quot;pie&quot;,&quot;is_open_sidebar&quot;:true,&quot;graph_base_bar_type&quot;:&quot;by_time&quot;,&quot;drawer_size_test_case_details&quot;:500,&quot;graph_base_bar_attribute_input&quot;:&quot;&quot;,&quot;drawer_size_test_result_details&quot;:500,&quot;test_plan_estimate_everywhere_period&quot;:&quot;minutes&quot;},&quot;projects&quot;:{&quot;favorite&quot;:[],&quot;is_only_favorite&quot;:false,&quot;is_show_archived&quot;:false},&quot;test_cases&quot;:{&quot;is_show_archived&quot;:false},&quot;test_plans&quot;:{&quot;filters&quot;:{},&quot;is_show_archived&quot;:false,&quot;is_cases_filter_open&quot;:false},&quot;test_suites&quot;:{&quot;filters&quot;:{}}}`&#10;&#10;Reproduce with:&#10;&#10;    curl -X GET -H 'Authorization: Bearer eyJhbGciOiJIUzI1NiIsInR5cCI6IkpXVCJ9.eyJ0b2tlbl90eXBlIjoiYWNjZXNzIiwiZXhwIjoxNzc3NzI1NjI0LCJpYXQiOjE3Nzc3MjUzMjQsImp0aSI6ImJiYjQyYzI2NWEwMjRhY2NhZmU4ZjYxNWM3NmIwM2VlIiwidXNlcl9pZCI6MX0.Mi9pWhS2HrsLzc5LnUlZRo-y4Yl2d2NRfjEIia4hW0M' 'http://127.0.0.1/api/v2/users/me/config/?page=19959&amp;page_size=-85'"/>
			<failure type="failure" message="1. Test Case ID: KABeFp&#10;&#10;- Undocumented HTTP status code&#10;&#10;    Received: 401&#10;    Documented: 201&#10;&#10;[401] Unauthorized:&#10;&#10;    `{&quot;detail&quot;:&quot;Authentication credentials were not provided.&quot;}`&#10;&#10;Reproduce with:&#10;&#10;    curl -X POST -H 'Content-Type: application/json' -d -1.0843417283336999e+102 http://127.0.0.1/api/v2/statuses/deleted/remove/"/>
			<failure type="failure" message="1. Test Case ID: Z4NZ3k&#10;&#10;- API rejected schema-compliant request&#10;&#10;    Valid data should have been accepted&#10;    Expected: 2xx, 401, 403, 404, 409, 5xx&#10;&#10;- Undocumented HTTP status code&#10;&#10;    Received: 400&#10;    Documented: 200&#10;&#10;[400] Bad Request:&#10;&#10;    `[&quot;Enter a number.&quot;]`&#10;&#10;Reproduce with:&#10;&#10;    curl -X GET -H 'Authorization: Bearer eyJhbGciOiJIUzI1NiIsInR5cCI6IkpXVCJ9.eyJ0b2tlbl90eXBlIjoiYWNjZXNzIiwiZXhwIjoxNzc3NzI1NzM4LCJpYXQiOjE3Nzc3MjU0MzgsImp0aSI6IjIwNWU4NTkyZDg5NTRlMmY5ODdmNTIzMDkwYmIwZjgzIiwidXNlcl9pZCI6MX0.gc8hEMoVgY9Ee_5EhxHtcsAil2koixMEQIJSUoReSUA' 'http://127.0.0.1/api/v2/tests/?project=-4.151031778763117e-286&amp;last_status=%C2%A8X&amp;suite=%C3%AA%C2%9B%C2%8F%F3%8D%8F%AAp%F3%A6%9D%B6%F1%BF%B9%B6%C2%BB&amp;page_size=-116'"/>
			<failure type="failure" message="1. Test Case ID: RoK6pM&#10;&#10;- API rejected schema-compliant request&#10;&#10;    Valid data should have been accepted&#10;    Expected: 2xx, 401, 403, 404, 409, 5xx&#10;&#10;- Undocumented HTTP status code&#10;&#10;    Received: 400&#10;    Documented: 201&#10;&#10;[400] Bad Request:&#10;&#10;    `{&quot;project&quot;:[&quot;Invalid pk \&quot;-8\&quot; - object does not exist.&quot;],&quot;case&quot;:[&quot;Invalid pk \&quot;-20337\&quot; - object does not exist.&quot;],&quot;plan&quot;:[&quot;Invalid pk \&quot;134217727\&quot; - object does not exist.&quot;]}`&#10;&#10;Reproduce with:&#10;&#10;    curl -X POST -H 'Authorization: Bearer eyJhbGciOiJIUzI1NiIsInR5cCI6IkpXVCJ9.eyJ0b2tlbl90eXBlIjoiYWNjZXNzIiwiZXhwIjoxNzc3NzI1Nzk3LCJpYXQiOjE3Nzc3MjU0OTcsImp0aSI6IjNjYWYzODdjYTI0YTQyM2Q4ZjMyZTE2OWI1OTIxY2NiIiwidXNlcl9pZCI6MX0.pThLw5ckVZHAvo7Gxlyen43l4_hm3uPjvdX5Hf5eWzw' -H 'Content-Type: application/json' -d '{&quot;case&quot;: -20337, &quot;plan&quot;: 134217727, &quot;project&quot;: -8}' http://127.0.0.1/api/v2/tests/"/>
			<failure type="failure" message="1. Test Case ID: Ww2Flo&#10;&#10;- API rejected schema-compliant request&#10;&#10;    Valid data should have been accepted&#10;    Expected: 2xx, 401, 403, 404, 409, 5xx&#10;&#10;- Undocumented HTTP status code&#10;&#10;    Received: 400&#10;    Documented: 201&#10;&#10;[400] Bad Request:&#10;&#10;    `{&quot;instance_ids&quot;:[&quot;This field is required.&quot;]}`&#10;&#10;Reproduce with:&#10;&#10;    curl -X POST -H 'Authorization: Bearer eyJhbGciOiJIUzI1NiIsInR5cCI6IkpXVCJ9.eyJ0b2tlbl90eXBlIjoiYWNjZXNzIiwiZXhwIjoxNzc3NzI1ODU1LCJpYXQiOjE3Nzc3MjU1NTUsImp0aSI6ImQ3NmMyYjc0Nzc2NDQxMjFhOWUyYTZhYmJkYTc2ZTVhIiwidXNlcl9pZCI6MX0.JhjH3aqh7jiW-hzC1hSwiiipX_4V0YSKGXg0W1lwS_M' -H 'Content-Type: application/json' -d '{&quot;due_date&quot;: &quot;4159-03-20T09:00:59.845988-22:43&quot;, &quot;name&quot;: &quot;\udbe7\udcd8U\u00f2E\ud9dd\udf31\u0003&quot;, &quot;project&quot;: -19187, &quot;started_at&quot;: &quot;9769-12-21T10:51:29.906544+16:38&quot;, &quot;\u00c2\u0082\u00be&quot;: [[&quot;&quot;, 1.1, 1.6348830836288688e+138], [&quot;\u00e4\u00f3\u009b\u00a9\u0007[\ud909\udee3\u00d2\u00e6Tzg\u00a6\ud92d\udf3f\ud8d5\udd60p]\u00fe\t\u00d6cE\ud9e5\udef3&quot;], {&quot;iZ\u00beJG@oYG\u0007Do&quot;: true, &quot;AV&quot;: {&quot;9r\u00d0\u001a\u009f\u00e0\u00bc\ud8f3\udeff&quot;: {}}, &quot;\udbfb\udee1\uda83\udc11\u00eb&quot;: {&quot;5q\u00d9\u0005\u000e\u0091\u00919\u008e&quot;: -6.540495364248518e+16, &quot;\b\ucf2f\u00b1\u00d8\udb17\ude61\u0017*\ud926\udfd6\u00dc\u00aa\u00b2\n\u00e9}\u008aBD&quot;: {}}}]}' http://127.0.0.1/api/v2/testplans/deleted/recover/"/>
			<failure type="failure" message="1. Test Case ID: YV4v9i&#10;&#10;- API accepted schema-violating request&#10;&#10;    Invalid data should have been rejected&#10;    Expected: 400, 401, 403, 404, 406, 422, 428, 5xx&#10;    Invalid component: parameter `page` in query - invalid type boolean (expected integer)&#10;&#10;[200] OK:&#10;&#10;    `{&quot;ui&quot;:{&quot;test_plan&quot;:{},&quot;graph_base_type&quot;:&quot;pie&quot;,&quot;is_open_sidebar&quot;:true,&quot;graph_base_bar_type&quot;:&quot;by_time&quot;,&quot;drawer_size_test_case_details&quot;:500,&quot;graph_base_bar_attribute_input&quot;:&quot;&quot;,&quot;drawer_size_test_result_details&quot;:500,&quot;test_plan_estimate_everywhere_period&quot;:&quot;minutes&quot;},&quot;projects&quot;:{&quot;favorite&quot;:[],&quot;is_only_favorite&quot;:false,&quot;is_show_archived&quot;:false},&quot;test_cases&quot;:{&quot;is_show_archived&quot;:false},&quot;test_plans&quot;:{&quot;filters&quot;:{},&quot;is_show_archived&quot;:false,&quot;is_cases_filter_open&quot;:false},&quot;test_suites&quot;:{&quot;filters&quot;:{}}}`&#10;&#10;Reproduce with:&#10;&#10;    curl -X GET -H '5LVw'&quot;'&quot;'FQf8xhq#!uXVT: MiIWqLq;@=a$52' -H 'AcTKJclCiYj7pw0L: 4E^EZQ+\x' -H 'fd5p+h.;' -H 'yiojPld: u).@t%y&lt;u^' -H 'Authorization: Bearer eyJhbGciOiJIUzI1NiIsInR5cCI6IkpXVCJ9.eyJ0b2tlbl90eXBlIjoiYWNjZXNzIiwiZXhwIjoxNzc3NzI1OTE1LCJpYXQiOjE3Nzc3MjU2MTUsImp0aSI6ImVmZjg1NjJmMTE4MDQ4MmRiZTY3MmRiMWFjMjk5NzdjIiwidXNlcl9pZCI6MX0.90EKPZK5cjPUi356xZf3VwuLe4LGFEPg7VAz9Sw0JCg' 'http://127.0.0.1/api/v2/users/me/config/?page=false'"/>
			<failure type="failure" message="1. Test Case ID: nuIfWR&#10;&#10;- Undocumented HTTP status code&#10;&#10;    Received: 404&#10;    Documented: 201&#10;&#10;[404] Not Found:&#10;&#10;    `{&quot;detail&quot;:&quot;No Test matches the given query.&quot;}`&#10;&#10;Reproduce with:&#10;&#10;    curl -X POST -H 'Authorization: Bearer eyJhbGciOiJIUzI1NiIsInR5cCI6IkpXVCJ9.eyJ0b2tlbl90eXBlIjoiYWNjZXNzIiwiZXhwIjoxNzc3NzI1OTgyLCJpYXQiOjE3Nzc3MjU2ODIsImp0aSI6IjA5MTY5ZTI5ZDM3MzQ4NDU5ZjllNjRlNTQ1NTJjZjJlIiwidXNlcl9pZCI6MX0.vgmH8_VDAZMvOx7jerCMFFqxtoqqbr7MIqpQhNqchzk' -H 'Content-Type: application/json' -d '{&quot;case&quot;: -137438953472, &quot;plan&quot;: 597161173007866439, &quot;\u00dbH\ua6d0\u00ff\ud8dd\udfe8\u00a6&quot;: [], &quot;\ud90b\udc6c&quot;: {}}' http://127.0.0.1/api/v2/tests/-98/archive/"/>
[...]
			<failure type="failure" message="1. Test Case ID: yAItii&#10;&#10;- Undocumented HTTP status code&#10;&#10;    Received: 401&#10;    Documented: 201&#10;&#10;[401] Unauthorized:&#10;&#10;    `{&quot;detail&quot;:&quot;Authentication credentials were not provided.&quot;}`&#10;&#10;Reproduce with:&#10;&#10;    curl -X POST -H 'Bm: 1e100' -H 'U&amp;v5prbex: Pk3}ubCa' -H 'F6ew.O$TO5GKqgef&amp;^4$-ap;' -H 'no9ONyVG7gY: mdy$' -H $'NUL: .\tKu(Z' -H 'Content-Type: application/json' -d -1.4622603629435338e-212 http://127.0.0.1/api/v2/suites/deleted/recover/"/>
			<failure type="failure" message="1. Test Case ID: aphgFD&#10;&#10;- Undocumented HTTP status code&#10;&#10;    Received: 401&#10;    Documented: 201&#10;&#10;[401] Unauthorized:&#10;&#10;    `{&quot;detail&quot;:&quot;Authentication credentials were not provided.&quot;}`&#10;&#10;Reproduce with:&#10;&#10;    curl -X POST -H 'Content-Type: application/json' -d '[{&quot;H\u000b&quot;: -118, &quot;\u00c66/&quot;: [null, -26798, &quot;\u00d0\r\u001d-\t\u00dc&quot;], &quot;\u00f1\u00d4\u00fe\u007f\udb62\ude7f&quot;: {&quot;&quot;: false}}, [false, null, false], {}]' http://127.0.0.1/api/v2/projects/deleted/recover/"/>
			<failure type="failure" message="1. Test Case ID: 2HNNcS&#10;&#10;- Undocumented HTTP status code&#10;&#10;    Received: 401&#10;    Documented: 200&#10;&#10;[401] Unauthorized:&#10;&#10;    `{&quot;detail&quot;:&quot;Authentication credentials were not provided.&quot;}`&#10;&#10;Reproduce with:&#10;&#10;    curl -X GET -H 'Authorization: Bearer eyJhbGciOiJIUzI1NiIsInR5cCI6IkpXVCJ9.eyJ0b2tlbl90eXBlIjoiYWNjZXNzIiwiZXhwIjoxNzc3NzI5NzMyLCJpYXQiOjE3Nzc3Mjk0MzIsImp0aSI6ImM3ZjU1ZjZjOTI2MzQ0MmE4NTU5NmE0MjgyMDc3ZjI0IiwidXNlcl9pZCI6MX0.Atug1ay7uOPHXwXS_gZk6opW15GZE3ESgadbJYgXwGo' -H 'swmb--W|I56usRL0CL.l;' -H '-+GqrzJ: 4' http://127.0.0.1/api/v2/roles/&#10;    curl -X GET -H 'swmb--W|I56usRL0CL.l;' -H '-+GqrzJ: 4' http://127.0.0.1/api/v2/roles/4/"/>
			<failure type="failure" message="1. Test Case ID: Diakef&#10;&#10;- Undocumented HTTP status code&#10;&#10;    Received: 404&#10;    Documented: 200&#10;&#10;[404] Not Found:&#10;&#10;    `{&quot;detail&quot;:&quot;No User matches the given query.&quot;}`&#10;&#10;Reproduce with:&#10;&#10;    curl -X GET -H 'Authorization: Bearer eyJhbGciOiJIUzI1NiIsInR5cCI6IkpXVCJ9.eyJ0b2tlbl90eXBlIjoiYWNjZXNzIiwiZXhwIjoxNzc3NzI5ODQzLCJpYXQiOjE3Nzc3Mjk1NDMsImp0aSI6IjY3ZjQ5ZWQzZWFmZjRhNjc4MWJlOTEyMWQ0NWJkMGUzIiwidXNlcl9pZCI6MX0.ePBJxjKBBAzuwZjqe7pLTJShzGAa6JmykwzYpJITd0A' -H 'Content-Type: application/json' http://127.0.0.1/api/v2/users/me/config/&#10;    curl -X PUT -H 'Authorization: Bearer eyJhbGciOiJIUzI1NiIsInR5cCI6IkpXVCJ9.eyJ0b2tlbl90eXBlIjoiYWNjZXNzIiwiZXhwIjoxNzc3NzI5ODQzLCJpYXQiOjE3Nzc3Mjk1NDMsImp0aSI6IjY3ZjQ5ZWQzZWFmZjRhNjc4MWJlOTEyMWQ0NWJkMGUzIiwidXNlcl9pZCI6MX0.ePBJxjKBBAzuwZjqe7pLTJShzGAa6JmykwzYpJITd0A' -H 'Content-Type: application/json' -d '{&quot;email&quot;: &quot;oaG/Tsr@a.p.k1st.p.dental&quot;, &quot;&quot;: {}, &quot;\u00cd&quot;: {&quot;&quot;: []}, &quot;|\u0090\u009b\u009d`\u007fhQc\u00ee\u00deT\u0000\u00d7\uda51\udcaa\u0086|-\uda36\udfde_\ud081\u00f1\u00ca\u00c6\udabd\udd00&quot;: &quot;.exe&quot;}' http://127.0.0.1/api/v2/users/13836/"/>
			<failure type="failure" message="1. Test Case ID: a1yQIq&#10;&#10;- Undocumented HTTP status code&#10;&#10;    Received: 401&#10;    Documented: 201&#10;&#10;[401] Unauthorized:&#10;&#10;    `{&quot;detail&quot;:&quot;Authentication credentials were not provided.&quot;}`&#10;&#10;Reproduce with:&#10;&#10;    curl -X POST -H 'qxcZ: .P91F' -H '^6Ewv;' -H 'username;' -H 'zOf1'&quot;'&quot;'yia'&quot;'&quot;'FPLq: /' -H 'lNOF;' -H 'TJ: (QGPB' -H 'Hxy.p8Y_Kb: `#' -H 'v;' -H 'Content-Type: application/json' -d -4939582358832003189 http://127.0.0.1/api/v2/labels/deleted/recover/"/>
			<failure type="failure" message="1. Test Case ID: DJFvBj&#10;&#10;- Undocumented HTTP status code&#10;&#10;    Received: 404&#10;    Documented: 200&#10;&#10;[404] Not Found:&#10;&#10;    `{&quot;detail&quot;:&quot;No Label matches the given query.&quot;}`&#10;&#10;Reproduce with:&#10;&#10;    curl -X GET -H 'Authorization: Bearer eyJhbGciOiJIUzI1NiIsInR5cCI6IkpXVCJ9.eyJ0b2tlbl90eXBlIjoiYWNjZXNzIiwiZXhwIjoxNzc3NzMwMTYxLCJpYXQiOjE3Nzc3Mjk4NjEsImp0aSI6IjY1OTlkODkyYThmMTQ3MmFhOWFhM2M4YjNhMTIwYjg1IiwidXNlcl9pZCI6MX0.CZruhAgpvCJmA7N33lzgiNHmXikJe_qW_krouKeMD5c' -H 'Content-Type: application/json' 'http://127.0.0.1/api/v2/testplans/labels/?project=1.975939168739579e%2B16'&#10;    curl -X PATCH -H 'Authorization: Bearer eyJhbGciOiJIUzI1NiIsInR5cCI6IkpXVCJ9.eyJ0b2tlbl90eXBlIjoiYWNjZXNzIiwiZXhwIjoxNzc3NzMwMTYxLCJpYXQiOjE3Nzc3Mjk4NjEsImp0aSI6IjY1OTlkODkyYThmMTQ3MmFhOWFhM2M4YjNhMTIwYjg1IiwidXNlcl9pZCI6MX0.CZruhAgpvCJmA7N33lzgiNHmXikJe_qW_krouKeMD5c' -H 'Content-Type: application/json' -d '{&quot;name&quot;: &quot;\u00d0&quot;, &quot;project&quot;: 20024, &quot;k\u00c2\u0010\u00ee\uda8f\uddb5\u0080&quot;: {&quot;\u008c\\[-\u0090\u0014_\u00bfY\u00ea\u00d5\udbfa\udd83\u0085\u001f\u00c5^F\u00fa&quot;: {&quot;\u00cd\ud9e7\udd67/ &quot;: [-1.0777742881008804e+16], &quot;\u00df\u00ff&quot;: {&quot;\uda6e\udf53\ud9f0\udd9a\ud8b0\udf62\ud852\udcd4\u00c9\u00ed\udad7\udcad?\u009d\udaa4\udf04\u00a8\u00c9\u001d\u00c7X&quot;: 71, &quot;\ud8cb\ude7e\u00c2\u0018&quot;: -1296764706, &quot;c\u00a1Az\ud926\ude5an\u00a9\u00de\\\u0093\udb0a\udf47 F\u001f\ud9b5\ude01\u00bd\ud9ec\udcec\u0080\u00f1\u00fb\u0004\u00a4\u00bb8\u0086~\ud848\udf0aKZ\u001c\udbb2\udd7e\ud84a\udd56\u0018\u00bc\u0093&quot;: 1.1598182112281885e-113}, &quot;\u0006\u008c\u00e3s&quot;: {}}, &quot;=\u00a0\u0089\u0089s\uda49\udfb8\u00ef\u008d\ud840\udf9chk[&quot;: {&quot;\u0085\u00df\u00a7&quot;: {&quot;+0.0&quot;: &quot;&quot;, &quot;\u00d8f\u00e5&quot;: {&quot;\ud898\udf3f\ua0a4\u001d~\u00f4\u00f0&quot;: null, &quot;\u009d\u00a0\u00f8\u00a1\ud8c5\udd10&quot;: null}, &quot;username&quot;: {}}}}, &quot;type&quot;: 1}' http://127.0.0.1/api/v2/labels/78/"/>
			<failure type="failure" message="1. Test Case ID: LfJC3y&#10;&#10;- Undocumented HTTP status code&#10;&#10;    Received: 401&#10;    Documented: 201&#10;&#10;[401] Unauthorized:&#10;&#10;    `{&quot;detail&quot;:&quot;Authentication credentials were not provided.&quot;}`&#10;&#10;Reproduce with:&#10;&#10;    curl -X POST -H 'cazO1PHD: ]A#Z&gt;' -H 'Scunthorpe: 8o9' -H 'P$: ;~l/' -H 'Z%W6!: w!' -H 'zhs: &amp;SWH' -H 'MLaCd: 7' -H 'po8G-1AQAt: (M' -H 'F: IP' -H '*: a' -H 'M7M: Mx&lt;$' -H 'N3|xQ#: ='&quot;'&quot;'{Iv:*&quot;&lt;D0' -H 'Content-Type: application/json' -d null http://127.0.0.1/api/v2/tests/deleted/remove/"/>
			<failure type="failure" message="1. Test Case ID: 6hk5mS&#10;&#10;- Undocumented HTTP status code&#10;&#10;    Received: 401&#10;    Documented: 201&#10;&#10;[401] Unauthorized:&#10;&#10;    `{&quot;detail&quot;:&quot;Authentication credentials were not provided.&quot;}`&#10;&#10;Reproduce with:&#10;&#10;    curl -X POST -H '3: =2H{}mjD()' -H 'Content-Type: application/json' -d '&quot;\u001c\u001f\udadc\ude01&quot;' http://127.0.0.1/api/v2/labels/deleted/remove/"/>
			<failure type="failure" message="1. Test Case ID: gqKU9N&#10;&#10;- Undocumented HTTP status code&#10;&#10;    Received: 401&#10;    Documented: 200&#10;&#10;[401] Unauthorized:&#10;&#10;    `{&quot;detail&quot;:&quot;Authentication credentials were not provided.&quot;}`&#10;&#10;Reproduce with:&#10;&#10;    curl -X GET -H 'Authorization: Bearer eyJhbGciOiJIUzI1NiIsInR5cCI6IkpXVCJ9.eyJ0b2tlbl90eXBlIjoiYWNjZXNzIiwiZXhwIjoxNzc3NzMwNDY3LCJpYXQiOjE3Nzc3MzAxNjcsImp0aSI6IjNjZjA3MTBjNDc4YTRlM2Y4NTBkNjg1ZjY3MTA1YmEwIiwidXNlcl9pZCI6MX0.TfQL9Apx3elH8bYyJEFQXLryuNUz0VPumtymR_oXxl0' -H 'Dav;' http://127.0.0.1/api/v2/groups/&#10;    curl -X GET -H 'Dav;' http://127.0.0.1/api/v2/groups/1/"/>
			<failure type="failure" message="1. Test Case ID: CnH0UW&#10;&#10;- Undocumented HTTP status code&#10;&#10;    Received: 401&#10;    Documented: 200&#10;&#10;[401] Unauthorized:&#10;&#10;    `{&quot;detail&quot;:&quot;Authentication credentials were not provided.&quot;}`&#10;&#10;Reproduce with:&#10;&#10;    curl -X GET -H 'z#: T:' -H '7N#: Js+_uW' -H '_vPHt;' -H 'tFj7`: k.' -H 'eiNV: *y%' -H '9: -Vjv' -H 'jlUGV: *uOo@UKL9' http://127.0.0.1/api/v2/labels/deleted/"/>
			<failure type="failure" message="1. Test Case ID: FAxV8Z&#10;&#10;- Undocumented HTTP status code&#10;&#10;    Received: 401&#10;    Documented: 201&#10;&#10;[401] Unauthorized:&#10;&#10;    `{&quot;detail&quot;:&quot;Authentication credentials were not provided.&quot;}`&#10;&#10;Reproduce with:&#10;&#10;    curl -X POST -H '5ncg: 8' -H '8b1D3;' -H 'A`sc: {' -H 'Content-Type: application/json' -d '{&quot;\u009c\u0091\r\ud834\udc49&quot;: [[-1.0679508853309258e-35], [], [null, false, -2.00001]], &quot;H\ud95e\udda9\ud9a0\udf96\u00de\u00f3\ud8f0\udd8f\u00e5+\u00cdh&quot;: [{&quot;&quot;: &quot;\udba5\udc1f]g\u00fb\u00d7#\u00cc\ud9da\udd35`g\&quot;\u0091&quot;}, {&quot;|&quot;: [9.684797971005517e-307, -18, 1.8359628709031097e-66], &quot;\u00da\u007f\udb03\udd696&quot;: [1099511627776]}, [{&quot;\u0000'&quot;'&quot;'&quot;: 82135945}, {&quot;\u008e\u00d5\u00c6&quot;: -1.4007813707457958e+16, &quot;&quot;: -104, &quot;\ud974\udd5f&quot;: 6.852587926237222e+16}]]}' http://127.0.0.1/api/v2/projects/deleted/remove/"/>
			<failure type="failure" message="1. Test Case ID: 2e9yCR&#10;&#10;- Undocumented HTTP status code&#10;&#10;    Received: 401&#10;    Documented: 201&#10;&#10;[401] Unauthorized:&#10;&#10;    `{&quot;detail&quot;:&quot;Authentication credentials were not provided.&quot;}`&#10;&#10;Reproduce with:&#10;&#10;    curl -X POST -H '7lSNf: -?r*O2' -H 'Content-Type: application/json' -d '[]' http://127.0.0.1/api/v2/tests/archive/restore/"/>
			<failure type="failure" message="1. Test Case ID: XGTYWQ&#10;&#10;- Undocumented HTTP status code&#10;&#10;    Received: 401&#10;    Documented: 200&#10;&#10;[401] Unauthorized:&#10;&#10;    `{&quot;detail&quot;:&quot;Authentication credentials were not provided.&quot;}`&#10;&#10;Reproduce with:&#10;&#10;    curl -X GET -H 'Authorization: Bearer eyJhbGciOiJIUzI1NiIsInR5cCI6IkpXVCJ9.eyJ0b2tlbl90eXBlIjoiYWNjZXNzIiwiZXhwIjoxNzc3NzMwOTYwLCJpYXQiOjE3Nzc3MzA2NjAsImp0aSI6IjY1ZDAxMmE3MDViODQ4NzY5OTgzMmJmNDQyNjk3YjE2IiwidXNlcl9pZCI6MX0.C0bwEVIJ8pclhTLZV6I2V-42UJa3sDVxa7KnZumKELQ' -H 'U'&quot;'&quot;': __dict__' -H 'Content-Type: application/json' http://127.0.0.1/api/v2/labels/deleted/&#10;    curl -X PATCH -H 'U'&quot;'&quot;': __dict__' -H 'Content-Type: application/json' -d true http://127.0.0.1/api/v2/labels/%C2%AA%C2%AB%14%C3%B1%23%C2%84%C2%9D/"/>
			<failure type="failure" message="1. Test Case ID: eHMhGA&#10;&#10;- Undocumented HTTP status code&#10;&#10;    Received: 401&#10;    Documented: 201&#10;&#10;[401] Unauthorized:&#10;&#10;    `{&quot;detail&quot;:&quot;Authentication credentials were not provided.&quot;}`&#10;&#10;Reproduce with:&#10;&#10;    curl -X POST -H 'Content-Type: application/json' -d '[]' http://127.0.0.1/api/v2/users/"/>
			<failure type="failure" message="1. Test Case ID: KNkI1o&#10;&#10;- Undocumented HTTP status code&#10;&#10;    Received: 404&#10;    Documented: 204&#10;&#10;[404] Not Found:&#10;&#10;    `{&quot;detail&quot;:&quot;No ResultStatus matches the given query.&quot;}`&#10;&#10;Reproduce with:&#10;&#10;    curl -X GET -H 'Authorization: Bearer eyJhbGciOiJIUzI1NiIsInR5cCI6IkpXVCJ9.eyJ0b2tlbl90eXBlIjoiYWNjZXNzIiwiZXhwIjoxNzc3NzMxMjg0LCJpYXQiOjE3Nzc3MzA5ODQsImp0aSI6ImY2ZTJlY2IzNWI2ZDRkOWFhMTE3YWFmYjhiODRhYjljIiwidXNlcl9pZCI6MX0.ozuBPnvsYM3OnfNOIr1b1m37OeGIP5ovFOoKTwZQDgE' http://127.0.0.1/api/v2/statuses/deleted/&#10;    curl -X DELETE -H 'Authorization: Bearer eyJhbGciOiJIUzI1NiIsInR5cCI6IkpXVCJ9.eyJ0b2tlbl90eXBlIjoiYWNjZXNzIiwiZXhwIjoxNzc3NzMxMjg0LCJpYXQiOjE3Nzc3MzA5ODQsImp0aSI6ImY2ZTJlY2IzNWI2ZDRkOWFhMTE3YWFmYjhiODRhYjljIiwidXNlcl9pZCI6MX0.ozuBPnvsYM3OnfNOIr1b1m37OeGIP5ovFOoKTwZQDgE' http://127.0.0.1/api/v2/statuses/16/"/>
			<failure type="failure" message="1. Test Case ID: Tpgr4c&#10;&#10;- Undocumented HTTP status code&#10;&#10;    Received: 401&#10;    Documented: 200&#10;&#10;[401] Unauthorized:&#10;&#10;    `{&quot;detail&quot;:&quot;Authentication credentials were not provided.&quot;}`&#10;&#10;Reproduce with:&#10;&#10;    curl -X GET -H 'Authorization: Bearer eyJhbGciOiJIUzI1NiIsInR5cCI6IkpXVCJ9.eyJ0b2tlbl90eXBlIjoiYWNjZXNzIiwiZXhwIjoxNzc3NzMxNDA2LCJpYXQiOjE3Nzc3MzExMDYsImp0aSI6IjllMjY4MGFhMzU3NzQ1MjZiODZhNDFjMjQ3MWZiZTdhIiwidXNlcl9pZCI6MX0.dCjLzfBGFJYMMx7Aap_U90C5qbnUu9A8zA-rsG65h48' http://127.0.0.1/api/v2/statuses/deleted/&#10;    curl -X GET http://127.0.0.1/api/v2/statuses/null/delete/preview/"/>
			<failure type="failure" message="1. Test Case ID: sNtv6E&#10;&#10;- Undocumented HTTP status code&#10;&#10;    Received: 401&#10;    Documented: 201&#10;&#10;[401] Unauthorized:&#10;&#10;    `{&quot;detail&quot;:&quot;Authentication credentials were not provided.&quot;}`&#10;&#10;Reproduce with:&#10;&#10;    curl -X POST -H 'Ewe0;' -H '74V~JdSg*$: -Cf`[`'&quot;'&quot;'}k' -H 'pYJfd&amp;.kpg-QTy!l5O-O: |c /' -H '3: 7' -H 'ajw: la' -H 'Content-Type: application/json' -d '{&quot;password&quot;: [true, -16554, 11965]}' http://127.0.0.1/api/v2/testplans/archive/restore/"/>
			<failure type="failure" message="1. Test Case ID: MSIh3o&#10;&#10;- Undocumented HTTP status code&#10;&#10;    Received: 404&#10;    Documented: 200&#10;&#10;[404] Not Found:&#10;&#10;    `{&quot;detail&quot;:&quot;Invalid page.&quot;}`&#10;&#10;Reproduce with:&#10;&#10;    curl -X GET -H 'Authorization: Bearer eyJhbGciOiJIUzI1NiIsInR5cCI6IkpXVCJ9.eyJ0b2tlbl90eXBlIjoiYWNjZXNzIiwiZXhwIjoxNzc3NzMxNjY3LCJpYXQiOjE3Nzc3MzEzNjcsImp0aSI6IjRjNmNmOGM3M2FlZTRjZTA4NzM0NDc3MzBkMjA2YTBlIiwidXNlcl9pZCI6MX0.k8-2if7O19dwX6iHgoK1Ans7PIpJaBk1ijmg0JmaGEc' 'http://127.0.0.1/api/v2/suites/?project=6.082179804161833e%2B16&amp;page=-25828&amp;path=%5DE%C3%95h%F2%8A%8C%AA&amp;search=access&amp;treesearch=Ti%19Q%C2%92%F3%9D%BF%BD%C3%80R%C2%99%C2%A9%1C%F2%B7%89%90%C3%A4%C2%AD%C2%87%F0%A6%9D%86%C2%99%F3%8C%B6%9B%F2%9B%A8%96%C3%8D%C3%86'"/>
			<failure type="failure" message="1. Test Case ID: cvMb7z&#10;&#10;- Undocumented HTTP status code&#10;&#10;    Received: 401&#10;    Documented: 201&#10;&#10;[401] Unauthorized:&#10;&#10;    `{&quot;detail&quot;:&quot;Authentication credentials were not provided.&quot;}`&#10;&#10;Reproduce with:&#10;&#10;    curl -X GET -H 'Authorization: Bearer eyJhbGciOiJIUzI1NiIsInR5cCI6IkpXVCJ9.eyJ0b2tlbl90eXBlIjoiYWNjZXNzIiwiZXhwIjoxNzc3NzMxNzUyLCJpYXQiOjE3Nzc3MzE0NTIsImp0aSI6IjAyNTQ4YWU4NmM5NjQxYzZiYjkyMmE1MGQyYjljNWUyIiwidXNlcl9pZCI6MX0.jVclFbZ1GjFDK5Temj-zBC4qEzLI_nVkb73uba6Co_c' -H 'Content-Type: application/json' http://127.0.0.1/api/v2/labels/deleted/&#10;    curl -X POST -H 'Content-Type: application/json' -d -21069 http://127.0.0.1/api/v2/labels/"/>
			<failure type="failure" message="1. Test Case ID: 954T17&#10;&#10;- Undocumented Content-Type&#10;&#10;    Received: text/html; charset=utf-8&#10;    Documented: application/json&#10;&#10;[404] Not Found:&#10;&#10;    `&lt;!DOCTYPE html&gt;&#10;    &lt;html lang=&quot;en&quot;&gt;&#10;    &lt;head&gt;&#10;      &lt;meta http-equiv=&quot;content-type&quot; content=&quot;text/html; charset=utf-8&quot;&gt;&#10;      &lt;title&gt;Page not found at /api/v2/projects/false/archive/&lt;/title&gt;&#10;      &lt;meta name=&quot;robots&quot; content=&quot;NONE,NOARCHIVE&quot;&gt;&#10;      &lt;style type=&quot;text/css&quot;&gt;&#10;        html * { padding:0; margin:0; }&#10;        body * { padding:10px 20px; }&#10;        body * * { padding:0; }&#10;        body { font:small sans-serif; background:#eee; color:#000; }&#10;        body&gt;div { border-bottom:1px solid #ddd; }&#10;        h1 { font-weight:normal; margin-bottom:.4em; }&#10;     // Output truncated...`&#10;&#10;Reproduce with:&#10;&#10;    curl -X POST -H 'Content-Type: application/json' -d '{&quot;\u00a6\u00b9\u00af&quot;: 4.800974407964797e+16, &quot;COM1&quot;: true, &quot;&quot;: true}' http://127.0.0.1/api/v2/projects/false/archive/"/>
			<failure type="failure" message="1. Test Case ID: xurbET&#10;&#10;- Undocumented HTTP status code&#10;&#10;    Received: 401&#10;    Documented: 204&#10;&#10;[401] Unauthorized:&#10;&#10;    `{&quot;detail&quot;:&quot;Authentication credentials were not provided.&quot;}`&#10;&#10;Reproduce with:&#10;&#10;    curl -X GET -H 'Authorization: Bearer eyJhbGciOiJIUzI1NiIsInR5cCI6IkpXVCJ9.eyJ0b2tlbl90eXBlIjoiYWNjZXNzIiwiZXhwIjoxNzc3NzMxOTMzLCJpYXQiOjE3Nzc3MzE2MzMsImp0aSI6ImY0MTdjM2VmNDRhODRhZDk5YzUyNzM3ZDZiMzY3YzQwIiwidXNlcl9pZCI6MX0.G_H3Lt7Eo8iCqvzcRte49MZD0Y0bnbRxwfGX0movey8' -H 'l1FtKi449dyn: username' -H 'dnP!: 7S~u$5_o[~o+i' -H '+QLhVpz+ngj`NF: username' 'http://127.0.0.1/api/v2/labels/?project=4.7172112263938264e%2B16'&#10;    curl -X DELETE -H 'l1FtKi449dyn: username' -H 'dnP!: 7S~u$5_o[~o+i' -H '+QLhVpz+ngj`NF: username' http://127.0.0.1/api/v2/labels/false/"/>
			<failure type="failure" message="1. Test Case ID: Ix1rPl&#10;&#10;- Undocumented HTTP status code&#10;&#10;    Received: 401&#10;    Documented: 200&#10;&#10;[401] Unauthorized:&#10;&#10;    `{&quot;detail&quot;:&quot;Authentication credentials were not provided.&quot;}`&#10;&#10;Reproduce with:&#10;&#10;    curl -X GET -H 'Authorization: Bearer eyJhbGciOiJIUzI1NiIsInR5cCI6IkpXVCJ9.eyJ0b2tlbl90eXBlIjoiYWNjZXNzIiwiZXhwIjoxNzc3NzMyMDg0LCJpYXQiOjE3Nzc3MzE3ODQsImp0aSI6IjYzYzgwOTA3NWExZjQ1YjFiNTZkZTA2MTljNGU5NTQ1IiwidXNlcl9pZCI6MX0.WjTxjjbaNAdMD9exEukMKS8HL6sCIraBuLFuH0-EY68' -H 'tCUhP9vE^: -KS/Zs' -H 'AG!Kas9h$%'&quot;'&quot;'OWA9K_: fTB-SuPg' -H 'true: v(2u' -H 'u2Ye: sk?JbQ' http://127.0.0.1/api/v2/users/me/config/&#10;    curl -X GET -H 'tCUhP9vE^: -KS/Zs' -H 'AG!Kas9h$%'&quot;'&quot;'OWA9K_: fTB-SuPg' -H 'true: v(2u' -H 'u2Ye: sk?JbQ' http://127.0.0.1/api/v2/users/Q4AR/"/>
			<failure type="failure" message="1. Test Case ID: 99K2KR&#10;&#10;- Response violates schema&#10;&#10;    &quot;EąĻŨ40Ħ&quot; does not match &quot;^[[A-Za-z0-9_].@+-]+$&quot;&#10;&#10;    Schema at /definitions/User/properties/username:&#10;&#10;        {&#10;            &quot;pattern&quot;: &quot;^[\\w.@+-]+$&quot;,&#10;            &quot;title&quot;: &quot;Username&quot;,&#10;            &quot;description&quot;: &quot;Required. 150 characters or fewer. Letters, digits and @/...&#10;            &quot;type&quot;: &quot;string&quot;,&#10;            &quot;maxLength&quot;: 150,&#10;            &quot;minLength&quot;: 1&#10;        }&#10;&#10;    Value:&#10;&#10;        &quot;E\u0105\u013b\u016840\u0126&quot;&#10;&#10;[200] OK:&#10;&#10;    `{&quot;id&quot;:1,&quot;url&quot;:&quot;http://127.0.0.1/api/v2/users/1/&quot;,&quot;username&quot;:&quot;EąĻŨ40Ħ&quot;,&quot;first_name&quot;:&quot;&quot;,&quot;last_name&quot;:&quot;&quot;,&quot;email&quot;:&quot;admin@example.com&quot;,&quot;is_staff&quot;:true,&quot;is_active&quot;:true,&quot;date_joined&quot;:&quot;2026-04-27T12:40:37.014298Z&quot;,&quot;groups&quot;:[],&quot;avatar_link&quot;:&quot;&quot;,&quot;is_superuser&quot;:true}`&#10;&#10;Reproduce with:&#10;&#10;    curl -X GET -H 'Authorization: Bearer eyJhbGciOiJIUzI1NiIsInR5cCI6IkpXVCJ9.eyJ0b2tlbl90eXBlIjoiYWNjZXNzIiwiZXhwIjoxNzc3NzMyMTc4LCJpYXQiOjE3Nzc3MzE4NzgsImp0aSI6ImE0MWI3ODgyYWVhYTRiMjA4NGI5ZGM3NzA1YjQ4ZmY2IiwidXNlcl9pZCI6MX0.UgFPjUiwkjlCkvGg71Df4Fv6xV5xwO2p3douU8tIuGs' -H 'Content-Type: application/json' 'http://127.0.0.1/api/v2/users/me/config/?page=35&amp;page_size=0'&#10;    curl -X PATCH -H 'Authorization: Bearer eyJhbGciOiJIUzI1NiIsInR5cCI6IkpXVCJ9.eyJ0b2tlbl90eXBlIjoiYWNjZXNzIiwiZXhwIjoxNzc3NzMyMTc4LCJpYXQiOjE3Nzc3MzE4NzgsImp0aSI6ImE0MWI3ODgyYWVhYTRiMjA4NGI5ZGM3NzA1YjQ4ZmY2IiwidXNlcl9pZCI6MX0.UgFPjUiwkjlCkvGg71Df4Fv6xV5xwO2p3douU8tIuGs' -H 'Content-Type: application/json' -d '{&quot;username&quot;: &quot;E\u0105\u013b\u016840\u0126&quot;}' http://127.0.0.1/api/v2/users/me/"/>
		</testcase>
	</testsuite>
</testsuites>
